{"C:\\Users\\CHANCERY AND SCRIBE\\Desktop\\WayFarer\\server\\test\\bookings.js":{"path":"C:\\Users\\CHANCERY AND SCRIBE\\Desktop\\WayFarer\\server\\test\\bookings.js","statementMap":{"0":{"start":{"line":3,"column":29},"end":{"line":3,"column":84}},"1":{"start":{"line":5,"column":19},"end":{"line":5,"column":80}},"2":{"start":{"line":7,"column":25},"end":{"line":7,"column":99}},"3":{"start":{"line":9,"column":12},"end":{"line":9,"column":51}},"4":{"start":{"line":11,"column":16},"end":{"line":11,"column":60}},"5":{"start":{"line":13,"column":13},"end":{"line":13,"column":56}},"6":{"start":{"line":15,"column":13},"end":{"line":15,"column":68}},"7":{"start":{"line":17,"column":11},"end":{"line":17,"column":64}},"8":{"start":{"line":19,"column":13},"end":{"line":19,"column":68}},"9":{"start":{"line":21,"column":13},"end":{"line":21,"column":62}},"10":{"start":{"line":23,"column":16},"end":{"line":23,"column":74}},"11":{"start":{"line":26,"column":0},"end":{"line":26,"column":43}},"12":{"start":{"line":28,"column":13},"end":{"line":28,"column":36}},"13":{"start":{"line":29,"column":0},"end":{"line":813,"column":3}},"14":{"start":{"line":35,"column":2},"end":{"line":100,"column":7}},"15":{"start":{"line":41,"column":4},"end":{"line":99,"column":16}},"16":{"start":{"line":42,"column":6},"end":{"line":98,"column":7}},"17":{"start":{"line":43,"column":8},"end":{"line":97,"column":9}},"18":{"start":{"line":45,"column":12},"end":{"line":51,"column":14}},"19":{"start":{"line":52,"column":12},"end":{"line":58,"column":14}},"20":{"start":{"line":59,"column":12},"end":{"line":65,"column":14}},"21":{"start":{"line":66,"column":12},"end":{"line":66,"column":30}},"22":{"start":{"line":67,"column":12},"end":{"line":67,"column":58}},"23":{"start":{"line":70,"column":12},"end":{"line":70,"column":34}},"24":{"start":{"line":71,"column":12},"end":{"line":71,"column":30}},"25":{"start":{"line":72,"column":12},"end":{"line":72,"column":58}},"26":{"start":{"line":75,"column":12},"end":{"line":75,"column":34}},"27":{"start":{"line":76,"column":12},"end":{"line":76,"column":31}},"28":{"start":{"line":77,"column":12},"end":{"line":77,"column":53}},"29":{"start":{"line":80,"column":12},"end":{"line":80,"column":32}},"30":{"start":{"line":81,"column":12},"end":{"line":87,"column":14}},"31":{"start":{"line":88,"column":12},"end":{"line":88,"column":31}},"32":{"start":{"line":89,"column":12},"end":{"line":89,"column":53}},"33":{"start":{"line":92,"column":12},"end":{"line":92,"column":33}},"34":{"start":{"line":96,"column":12},"end":{"line":96,"column":35}},"35":{"start":{"line":101,"column":2},"end":{"line":131,"column":7}},"36":{"start":{"line":106,"column":4},"end":{"line":130,"column":17}},"37":{"start":{"line":107,"column":6},"end":{"line":129,"column":7}},"38":{"start":{"line":108,"column":8},"end":{"line":128,"column":9}},"39":{"start":{"line":110,"column":12},"end":{"line":110,"column":31}},"40":{"start":{"line":111,"column":12},"end":{"line":111,"column":63}},"41":{"start":{"line":114,"column":12},"end":{"line":114,"column":31}},"42":{"start":{"line":115,"column":12},"end":{"line":115,"column":63}},"43":{"start":{"line":118,"column":12},"end":{"line":118,"column":31}},"44":{"start":{"line":119,"column":12},"end":{"line":119,"column":63}},"45":{"start":{"line":122,"column":12},"end":{"line":122,"column":31}},"46":{"start":{"line":123,"column":12},"end":{"line":123,"column":66}},"47":{"start":{"line":127,"column":12},"end":{"line":127,"column":36}},"48":{"start":{"line":132,"column":2},"end":{"line":281,"column":5}},"49":{"start":{"line":133,"column":4},"end":{"line":163,"column":9}},"50":{"start":{"line":139,"column":6},"end":{"line":162,"column":19}},"51":{"start":{"line":140,"column":8},"end":{"line":161,"column":9}},"52":{"start":{"line":141,"column":10},"end":{"line":160,"column":11}},"53":{"start":{"line":143,"column":14},"end":{"line":146,"column":16}},"54":{"start":{"line":147,"column":14},"end":{"line":147,"column":33}},"55":{"start":{"line":148,"column":14},"end":{"line":148,"column":151}},"56":{"start":{"line":151,"column":14},"end":{"line":151,"column":35}},"57":{"start":{"line":152,"column":14},"end":{"line":152,"column":96}},"58":{"start":{"line":153,"column":14},"end":{"line":153,"column":55}},"59":{"start":{"line":154,"column":14},"end":{"line":154,"column":167}},"60":{"start":{"line":155,"column":14},"end":{"line":155,"column":65}},"61":{"start":{"line":159,"column":14},"end":{"line":159,"column":38}},"62":{"start":{"line":164,"column":4},"end":{"line":192,"column":9}},"63":{"start":{"line":170,"column":6},"end":{"line":191,"column":19}},"64":{"start":{"line":171,"column":8},"end":{"line":190,"column":9}},"65":{"start":{"line":172,"column":10},"end":{"line":189,"column":11}},"66":{"start":{"line":174,"column":14},"end":{"line":174,"column":33}},"67":{"start":{"line":175,"column":14},"end":{"line":177,"column":17}},"68":{"start":{"line":180,"column":14},"end":{"line":180,"column":35}},"69":{"start":{"line":181,"column":14},"end":{"line":181,"column":96}},"70":{"start":{"line":182,"column":14},"end":{"line":182,"column":55}},"71":{"start":{"line":183,"column":14},"end":{"line":183,"column":167}},"72":{"start":{"line":184,"column":14},"end":{"line":184,"column":65}},"73":{"start":{"line":188,"column":14},"end":{"line":188,"column":38}},"74":{"start":{"line":193,"column":4},"end":{"line":217,"column":9}},"75":{"start":{"line":199,"column":6},"end":{"line":216,"column":19}},"76":{"start":{"line":200,"column":8},"end":{"line":215,"column":9}},"77":{"start":{"line":201,"column":10},"end":{"line":214,"column":11}},"78":{"start":{"line":203,"column":14},"end":{"line":203,"column":33}},"79":{"start":{"line":204,"column":14},"end":{"line":204,"column":141}},"80":{"start":{"line":207,"column":14},"end":{"line":207,"column":35}},"81":{"start":{"line":208,"column":14},"end":{"line":208,"column":75}},"82":{"start":{"line":209,"column":14},"end":{"line":209,"column":53}},"83":{"start":{"line":213,"column":14},"end":{"line":213,"column":38}},"84":{"start":{"line":218,"column":4},"end":{"line":244,"column":9}},"85":{"start":{"line":224,"column":6},"end":{"line":243,"column":19}},"86":{"start":{"line":225,"column":8},"end":{"line":242,"column":9}},"87":{"start":{"line":226,"column":10},"end":{"line":241,"column":11}},"88":{"start":{"line":228,"column":14},"end":{"line":228,"column":33}},"89":{"start":{"line":229,"column":14},"end":{"line":231,"column":17}},"90":{"start":{"line":234,"column":14},"end":{"line":234,"column":35}},"91":{"start":{"line":235,"column":14},"end":{"line":235,"column":75}},"92":{"start":{"line":236,"column":14},"end":{"line":236,"column":53}},"93":{"start":{"line":240,"column":14},"end":{"line":240,"column":38}},"94":{"start":{"line":245,"column":4},"end":{"line":280,"column":9}},"95":{"start":{"line":251,"column":6},"end":{"line":279,"column":19}},"96":{"start":{"line":252,"column":8},"end":{"line":278,"column":9}},"97":{"start":{"line":253,"column":10},"end":{"line":277,"column":11}},"98":{"start":{"line":255,"column":14},"end":{"line":255,"column":33}},"99":{"start":{"line":256,"column":14},"end":{"line":259,"column":32}},"100":{"start":{"line":262,"column":14},"end":{"line":265,"column":16}},"101":{"start":{"line":266,"column":14},"end":{"line":266,"column":33}},"102":{"start":{"line":267,"column":14},"end":{"line":267,"column":148}},"103":{"start":{"line":270,"column":14},"end":{"line":270,"column":35}},"104":{"start":{"line":271,"column":14},"end":{"line":271,"column":75}},"105":{"start":{"line":272,"column":14},"end":{"line":272,"column":53}},"106":{"start":{"line":276,"column":14},"end":{"line":276,"column":38}},"107":{"start":{"line":282,"column":2},"end":{"line":449,"column":5}},"108":{"start":{"line":283,"column":4},"end":{"line":319,"column":9}},"109":{"start":{"line":289,"column":6},"end":{"line":318,"column":19}},"110":{"start":{"line":290,"column":8},"end":{"line":317,"column":9}},"111":{"start":{"line":291,"column":10},"end":{"line":316,"column":11}},"112":{"start":{"line":293,"column":14},"end":{"line":296,"column":16}},"113":{"start":{"line":297,"column":14},"end":{"line":297,"column":33}},"114":{"start":{"line":298,"column":14},"end":{"line":298,"column":80}},"115":{"start":{"line":301,"column":14},"end":{"line":301,"column":42}},"116":{"start":{"line":302,"column":14},"end":{"line":302,"column":33}},"117":{"start":{"line":303,"column":14},"end":{"line":303,"column":164}},"118":{"start":{"line":306,"column":14},"end":{"line":306,"column":35}},"119":{"start":{"line":307,"column":14},"end":{"line":307,"column":44}},"120":{"start":{"line":308,"column":14},"end":{"line":308,"column":65}},"121":{"start":{"line":309,"column":14},"end":{"line":309,"column":55}},"122":{"start":{"line":310,"column":14},"end":{"line":310,"column":45}},"123":{"start":{"line":311,"column":14},"end":{"line":311,"column":159}},"124":{"start":{"line":315,"column":14},"end":{"line":315,"column":38}},"125":{"start":{"line":320,"column":4},"end":{"line":345,"column":9}},"126":{"start":{"line":326,"column":6},"end":{"line":344,"column":19}},"127":{"start":{"line":327,"column":8},"end":{"line":343,"column":9}},"128":{"start":{"line":328,"column":10},"end":{"line":342,"column":11}},"129":{"start":{"line":330,"column":14},"end":{"line":330,"column":33}},"130":{"start":{"line":331,"column":14},"end":{"line":331,"column":135}},"131":{"start":{"line":334,"column":14},"end":{"line":334,"column":35}},"132":{"start":{"line":335,"column":14},"end":{"line":335,"column":44}},"133":{"start":{"line":336,"column":14},"end":{"line":336,"column":53}},"134":{"start":{"line":337,"column":14},"end":{"line":337,"column":65}},"135":{"start":{"line":341,"column":14},"end":{"line":341,"column":38}},"136":{"start":{"line":346,"column":4},"end":{"line":380,"column":9}},"137":{"start":{"line":352,"column":6},"end":{"line":379,"column":20}},"138":{"start":{"line":353,"column":8},"end":{"line":378,"column":9}},"139":{"start":{"line":354,"column":10},"end":{"line":377,"column":11}},"140":{"start":{"line":356,"column":14},"end":{"line":359,"column":16}},"141":{"start":{"line":360,"column":14},"end":{"line":360,"column":34}},"142":{"start":{"line":361,"column":14},"end":{"line":361,"column":80}},"143":{"start":{"line":364,"column":14},"end":{"line":364,"column":43}},"144":{"start":{"line":365,"column":14},"end":{"line":365,"column":34}},"145":{"start":{"line":366,"column":14},"end":{"line":366,"column":120}},"146":{"start":{"line":369,"column":14},"end":{"line":369,"column":36}},"147":{"start":{"line":370,"column":14},"end":{"line":370,"column":44}},"148":{"start":{"line":371,"column":14},"end":{"line":371,"column":53}},"149":{"start":{"line":372,"column":14},"end":{"line":372,"column":65}},"150":{"start":{"line":376,"column":14},"end":{"line":376,"column":39}},"151":{"start":{"line":381,"column":4},"end":{"line":415,"column":9}},"152":{"start":{"line":387,"column":6},"end":{"line":414,"column":20}},"153":{"start":{"line":388,"column":8},"end":{"line":413,"column":9}},"154":{"start":{"line":389,"column":10},"end":{"line":412,"column":11}},"155":{"start":{"line":391,"column":14},"end":{"line":394,"column":16}},"156":{"start":{"line":395,"column":14},"end":{"line":395,"column":34}},"157":{"start":{"line":396,"column":14},"end":{"line":396,"column":80}},"158":{"start":{"line":399,"column":14},"end":{"line":399,"column":43}},"159":{"start":{"line":400,"column":14},"end":{"line":400,"column":34}},"160":{"start":{"line":401,"column":14},"end":{"line":401,"column":164}},"161":{"start":{"line":404,"column":14},"end":{"line":404,"column":36}},"162":{"start":{"line":405,"column":14},"end":{"line":405,"column":44}},"163":{"start":{"line":406,"column":14},"end":{"line":406,"column":53}},"164":{"start":{"line":407,"column":14},"end":{"line":407,"column":65}},"165":{"start":{"line":411,"column":14},"end":{"line":411,"column":39}},"166":{"start":{"line":416,"column":4},"end":{"line":448,"column":9}},"167":{"start":{"line":422,"column":6},"end":{"line":447,"column":20}},"168":{"start":{"line":423,"column":8},"end":{"line":446,"column":9}},"169":{"start":{"line":424,"column":10},"end":{"line":445,"column":11}},"170":{"start":{"line":426,"column":14},"end":{"line":426,"column":34}},"171":{"start":{"line":427,"column":14},"end":{"line":430,"column":32}},"172":{"start":{"line":433,"column":14},"end":{"line":433,"column":34}},"173":{"start":{"line":434,"column":14},"end":{"line":434,"column":139}},"174":{"start":{"line":437,"column":14},"end":{"line":437,"column":36}},"175":{"start":{"line":438,"column":14},"end":{"line":438,"column":44}},"176":{"start":{"line":439,"column":14},"end":{"line":439,"column":53}},"177":{"start":{"line":440,"column":14},"end":{"line":440,"column":65}},"178":{"start":{"line":444,"column":14},"end":{"line":444,"column":39}},"179":{"start":{"line":450,"column":2},"end":{"line":594,"column":5}},"180":{"start":{"line":451,"column":4},"end":{"line":491,"column":9}},"181":{"start":{"line":457,"column":6},"end":{"line":490,"column":20}},"182":{"start":{"line":458,"column":8},"end":{"line":489,"column":9}},"183":{"start":{"line":459,"column":10},"end":{"line":488,"column":11}},"184":{"start":{"line":461,"column":14},"end":{"line":461,"column":34}},"185":{"start":{"line":462,"column":14},"end":{"line":465,"column":32}},"186":{"start":{"line":468,"column":14},"end":{"line":468,"column":34}},"187":{"start":{"line":469,"column":14},"end":{"line":472,"column":32}},"188":{"start":{"line":475,"column":14},"end":{"line":475,"column":34}},"189":{"start":{"line":476,"column":14},"end":{"line":476,"column":133}},"190":{"start":{"line":479,"column":14},"end":{"line":479,"column":36}},"191":{"start":{"line":480,"column":14},"end":{"line":480,"column":44}},"192":{"start":{"line":481,"column":14},"end":{"line":481,"column":55}},"193":{"start":{"line":482,"column":14},"end":{"line":482,"column":44}},"194":{"start":{"line":483,"column":14},"end":{"line":483,"column":47}},"195":{"start":{"line":487,"column":14},"end":{"line":487,"column":39}},"196":{"start":{"line":492,"column":4},"end":{"line":527,"column":9}},"197":{"start":{"line":498,"column":6},"end":{"line":526,"column":20}},"198":{"start":{"line":499,"column":8},"end":{"line":525,"column":9}},"199":{"start":{"line":500,"column":10},"end":{"line":524,"column":11}},"200":{"start":{"line":502,"column":14},"end":{"line":502,"column":34}},"201":{"start":{"line":503,"column":14},"end":{"line":506,"column":32}},"202":{"start":{"line":509,"column":14},"end":{"line":509,"column":34}},"203":{"start":{"line":510,"column":14},"end":{"line":510,"column":133}},"204":{"start":{"line":513,"column":14},"end":{"line":513,"column":36}},"205":{"start":{"line":514,"column":14},"end":{"line":514,"column":44}},"206":{"start":{"line":515,"column":14},"end":{"line":515,"column":55}},"207":{"start":{"line":516,"column":14},"end":{"line":516,"column":44}},"208":{"start":{"line":517,"column":14},"end":{"line":519,"column":17}},"209":{"start":{"line":518,"column":16},"end":{"line":518,"column":61}},"210":{"start":{"line":523,"column":14},"end":{"line":523,"column":39}},"211":{"start":{"line":528,"column":4},"end":{"line":560,"column":9}},"212":{"start":{"line":534,"column":6},"end":{"line":559,"column":20}},"213":{"start":{"line":535,"column":8},"end":{"line":558,"column":9}},"214":{"start":{"line":536,"column":10},"end":{"line":557,"column":11}},"215":{"start":{"line":538,"column":14},"end":{"line":538,"column":34}},"216":{"start":{"line":539,"column":14},"end":{"line":542,"column":32}},"217":{"start":{"line":545,"column":14},"end":{"line":545,"column":34}},"218":{"start":{"line":546,"column":14},"end":{"line":546,"column":89}},"219":{"start":{"line":549,"column":14},"end":{"line":549,"column":36}},"220":{"start":{"line":550,"column":14},"end":{"line":550,"column":44}},"221":{"start":{"line":551,"column":14},"end":{"line":551,"column":53}},"222":{"start":{"line":552,"column":14},"end":{"line":552,"column":65}},"223":{"start":{"line":556,"column":14},"end":{"line":556,"column":39}},"224":{"start":{"line":561,"column":4},"end":{"line":593,"column":9}},"225":{"start":{"line":567,"column":6},"end":{"line":592,"column":20}},"226":{"start":{"line":568,"column":8},"end":{"line":591,"column":9}},"227":{"start":{"line":569,"column":10},"end":{"line":590,"column":11}},"228":{"start":{"line":571,"column":14},"end":{"line":571,"column":34}},"229":{"start":{"line":572,"column":14},"end":{"line":575,"column":32}},"230":{"start":{"line":578,"column":14},"end":{"line":578,"column":34}},"231":{"start":{"line":579,"column":14},"end":{"line":579,"column":112}},"232":{"start":{"line":582,"column":14},"end":{"line":582,"column":36}},"233":{"start":{"line":583,"column":14},"end":{"line":583,"column":44}},"234":{"start":{"line":584,"column":14},"end":{"line":584,"column":53}},"235":{"start":{"line":585,"column":14},"end":{"line":585,"column":65}},"236":{"start":{"line":589,"column":14},"end":{"line":589,"column":39}},"237":{"start":{"line":595,"column":2},"end":{"line":700,"column":5}},"238":{"start":{"line":596,"column":4},"end":{"line":629,"column":9}},"239":{"start":{"line":602,"column":6},"end":{"line":628,"column":20}},"240":{"start":{"line":603,"column":8},"end":{"line":627,"column":9}},"241":{"start":{"line":604,"column":10},"end":{"line":626,"column":11}},"242":{"start":{"line":606,"column":14},"end":{"line":609,"column":16}},"243":{"start":{"line":610,"column":14},"end":{"line":610,"column":34}},"244":{"start":{"line":611,"column":14},"end":{"line":611,"column":83}},"245":{"start":{"line":614,"column":14},"end":{"line":614,"column":40}},"246":{"start":{"line":615,"column":14},"end":{"line":615,"column":34}},"247":{"start":{"line":616,"column":14},"end":{"line":616,"column":167}},"248":{"start":{"line":619,"column":14},"end":{"line":619,"column":36}},"249":{"start":{"line":620,"column":14},"end":{"line":620,"column":44}},"250":{"start":{"line":621,"column":14},"end":{"line":621,"column":48}},"251":{"start":{"line":625,"column":14},"end":{"line":625,"column":39}},"252":{"start":{"line":630,"column":4},"end":{"line":664,"column":9}},"253":{"start":{"line":636,"column":6},"end":{"line":663,"column":20}},"254":{"start":{"line":637,"column":8},"end":{"line":662,"column":9}},"255":{"start":{"line":638,"column":10},"end":{"line":661,"column":11}},"256":{"start":{"line":640,"column":14},"end":{"line":643,"column":16}},"257":{"start":{"line":644,"column":14},"end":{"line":644,"column":34}},"258":{"start":{"line":645,"column":14},"end":{"line":645,"column":83}},"259":{"start":{"line":648,"column":14},"end":{"line":648,"column":40}},"260":{"start":{"line":649,"column":14},"end":{"line":649,"column":34}},"261":{"start":{"line":650,"column":14},"end":{"line":650,"column":123}},"262":{"start":{"line":653,"column":14},"end":{"line":653,"column":36}},"263":{"start":{"line":654,"column":14},"end":{"line":654,"column":44}},"264":{"start":{"line":655,"column":14},"end":{"line":655,"column":53}},"265":{"start":{"line":656,"column":14},"end":{"line":656,"column":65}},"266":{"start":{"line":660,"column":14},"end":{"line":660,"column":39}},"267":{"start":{"line":665,"column":4},"end":{"line":699,"column":9}},"268":{"start":{"line":671,"column":6},"end":{"line":698,"column":20}},"269":{"start":{"line":672,"column":8},"end":{"line":697,"column":9}},"270":{"start":{"line":673,"column":10},"end":{"line":696,"column":11}},"271":{"start":{"line":675,"column":14},"end":{"line":678,"column":16}},"272":{"start":{"line":679,"column":14},"end":{"line":679,"column":34}},"273":{"start":{"line":680,"column":14},"end":{"line":680,"column":83}},"274":{"start":{"line":683,"column":14},"end":{"line":683,"column":40}},"275":{"start":{"line":684,"column":14},"end":{"line":684,"column":34}},"276":{"start":{"line":685,"column":14},"end":{"line":685,"column":167}},"277":{"start":{"line":688,"column":14},"end":{"line":688,"column":36}},"278":{"start":{"line":689,"column":14},"end":{"line":689,"column":44}},"279":{"start":{"line":690,"column":14},"end":{"line":690,"column":53}},"280":{"start":{"line":691,"column":14},"end":{"line":691,"column":65}},"281":{"start":{"line":695,"column":14},"end":{"line":695,"column":39}},"282":{"start":{"line":701,"column":2},"end":{"line":812,"column":5}},"283":{"start":{"line":702,"column":4},"end":{"line":737,"column":9}},"284":{"start":{"line":708,"column":6},"end":{"line":736,"column":20}},"285":{"start":{"line":709,"column":8},"end":{"line":735,"column":9}},"286":{"start":{"line":710,"column":10},"end":{"line":734,"column":11}},"287":{"start":{"line":712,"column":14},"end":{"line":715,"column":16}},"288":{"start":{"line":716,"column":14},"end":{"line":716,"column":34}},"289":{"start":{"line":717,"column":14},"end":{"line":717,"column":83}},"290":{"start":{"line":720,"column":14},"end":{"line":720,"column":40}},"291":{"start":{"line":721,"column":14},"end":{"line":721,"column":34}},"292":{"start":{"line":722,"column":14},"end":{"line":724,"column":17}},"293":{"start":{"line":727,"column":14},"end":{"line":727,"column":36}},"294":{"start":{"line":728,"column":14},"end":{"line":728,"column":78}},"295":{"start":{"line":729,"column":14},"end":{"line":729,"column":100}},"296":{"start":{"line":733,"column":14},"end":{"line":733,"column":39}},"297":{"start":{"line":738,"column":4},"end":{"line":774,"column":9}},"298":{"start":{"line":744,"column":6},"end":{"line":773,"column":20}},"299":{"start":{"line":745,"column":8},"end":{"line":772,"column":9}},"300":{"start":{"line":746,"column":10},"end":{"line":771,"column":11}},"301":{"start":{"line":748,"column":14},"end":{"line":751,"column":16}},"302":{"start":{"line":752,"column":14},"end":{"line":752,"column":34}},"303":{"start":{"line":753,"column":14},"end":{"line":753,"column":83}},"304":{"start":{"line":756,"column":14},"end":{"line":756,"column":40}},"305":{"start":{"line":757,"column":14},"end":{"line":757,"column":34}},"306":{"start":{"line":758,"column":14},"end":{"line":760,"column":17}},"307":{"start":{"line":763,"column":14},"end":{"line":763,"column":36}},"308":{"start":{"line":764,"column":14},"end":{"line":764,"column":44}},"309":{"start":{"line":765,"column":14},"end":{"line":765,"column":53}},"310":{"start":{"line":766,"column":14},"end":{"line":766,"column":65}},"311":{"start":{"line":770,"column":14},"end":{"line":770,"column":39}},"312":{"start":{"line":775,"column":4},"end":{"line":811,"column":9}},"313":{"start":{"line":781,"column":6},"end":{"line":810,"column":20}},"314":{"start":{"line":782,"column":8},"end":{"line":809,"column":9}},"315":{"start":{"line":783,"column":10},"end":{"line":808,"column":11}},"316":{"start":{"line":785,"column":14},"end":{"line":788,"column":16}},"317":{"start":{"line":789,"column":14},"end":{"line":789,"column":34}},"318":{"start":{"line":790,"column":14},"end":{"line":790,"column":83}},"319":{"start":{"line":793,"column":14},"end":{"line":793,"column":40}},"320":{"start":{"line":794,"column":14},"end":{"line":794,"column":34}},"321":{"start":{"line":795,"column":14},"end":{"line":797,"column":17}},"322":{"start":{"line":800,"column":14},"end":{"line":800,"column":36}},"323":{"start":{"line":801,"column":14},"end":{"line":801,"column":44}},"324":{"start":{"line":802,"column":14},"end":{"line":802,"column":53}},"325":{"start":{"line":803,"column":14},"end":{"line":803,"column":65}},"326":{"start":{"line":807,"column":14},"end":{"line":807,"column":39}}},"fnMap":{"0":{"name":"(anonymous_0)","decl":{"start":{"line":29,"column":20},"end":{"line":29,"column":21}},"loc":{"start":{"line":29,"column":32},"end":{"line":813,"column":1}},"line":29},"1":{"name":"_callee","decl":{"start":{"line":39,"column":40},"end":{"line":39,"column":47}},"loc":{"start":{"line":39,"column":50},"end":{"line":100,"column":3}},"line":39},"2":{"name":"_callee$","decl":{"start":{"line":41,"column":49},"end":{"line":41,"column":57}},"loc":{"start":{"line":41,"column":68},"end":{"line":99,"column":5}},"line":41},"3":{"name":"_callee2","decl":{"start":{"line":105,"column":40},"end":{"line":105,"column":48}},"loc":{"start":{"line":105,"column":51},"end":{"line":131,"column":3}},"line":105},"4":{"name":"_callee2$","decl":{"start":{"line":106,"column":49},"end":{"line":106,"column":58}},"loc":{"start":{"line":106,"column":70},"end":{"line":130,"column":5}},"line":106},"5":{"name":"(anonymous_5)","decl":{"start":{"line":132,"column":29},"end":{"line":132,"column":30}},"loc":{"start":{"line":132,"column":41},"end":{"line":281,"column":3}},"line":132},"6":{"name":"_callee3","decl":{"start":{"line":137,"column":42},"end":{"line":137,"column":50}},"loc":{"start":{"line":137,"column":53},"end":{"line":163,"column":5}},"line":137},"7":{"name":"_callee3$","decl":{"start":{"line":139,"column":51},"end":{"line":139,"column":60}},"loc":{"start":{"line":139,"column":72},"end":{"line":162,"column":7}},"line":139},"8":{"name":"_callee4","decl":{"start":{"line":168,"column":42},"end":{"line":168,"column":50}},"loc":{"start":{"line":168,"column":53},"end":{"line":192,"column":5}},"line":168},"9":{"name":"_callee4$","decl":{"start":{"line":170,"column":51},"end":{"line":170,"column":60}},"loc":{"start":{"line":170,"column":72},"end":{"line":191,"column":7}},"line":170},"10":{"name":"_callee5","decl":{"start":{"line":197,"column":42},"end":{"line":197,"column":50}},"loc":{"start":{"line":197,"column":53},"end":{"line":217,"column":5}},"line":197},"11":{"name":"_callee5$","decl":{"start":{"line":199,"column":51},"end":{"line":199,"column":60}},"loc":{"start":{"line":199,"column":72},"end":{"line":216,"column":7}},"line":199},"12":{"name":"_callee6","decl":{"start":{"line":222,"column":42},"end":{"line":222,"column":50}},"loc":{"start":{"line":222,"column":53},"end":{"line":244,"column":5}},"line":222},"13":{"name":"_callee6$","decl":{"start":{"line":224,"column":51},"end":{"line":224,"column":60}},"loc":{"start":{"line":224,"column":72},"end":{"line":243,"column":7}},"line":224},"14":{"name":"_callee7","decl":{"start":{"line":249,"column":42},"end":{"line":249,"column":50}},"loc":{"start":{"line":249,"column":53},"end":{"line":280,"column":5}},"line":249},"15":{"name":"_callee7$","decl":{"start":{"line":251,"column":51},"end":{"line":251,"column":60}},"loc":{"start":{"line":251,"column":72},"end":{"line":279,"column":7}},"line":251},"16":{"name":"(anonymous_16)","decl":{"start":{"line":282,"column":28},"end":{"line":282,"column":29}},"loc":{"start":{"line":282,"column":40},"end":{"line":449,"column":3}},"line":282},"17":{"name":"_callee8","decl":{"start":{"line":287,"column":42},"end":{"line":287,"column":50}},"loc":{"start":{"line":287,"column":53},"end":{"line":319,"column":5}},"line":287},"18":{"name":"_callee8$","decl":{"start":{"line":289,"column":51},"end":{"line":289,"column":60}},"loc":{"start":{"line":289,"column":72},"end":{"line":318,"column":7}},"line":289},"19":{"name":"_callee9","decl":{"start":{"line":324,"column":42},"end":{"line":324,"column":50}},"loc":{"start":{"line":324,"column":53},"end":{"line":345,"column":5}},"line":324},"20":{"name":"_callee9$","decl":{"start":{"line":326,"column":51},"end":{"line":326,"column":60}},"loc":{"start":{"line":326,"column":72},"end":{"line":344,"column":7}},"line":326},"21":{"name":"_callee10","decl":{"start":{"line":350,"column":42},"end":{"line":350,"column":51}},"loc":{"start":{"line":350,"column":54},"end":{"line":380,"column":5}},"line":350},"22":{"name":"_callee10$","decl":{"start":{"line":352,"column":51},"end":{"line":352,"column":61}},"loc":{"start":{"line":352,"column":74},"end":{"line":379,"column":7}},"line":352},"23":{"name":"_callee11","decl":{"start":{"line":385,"column":42},"end":{"line":385,"column":51}},"loc":{"start":{"line":385,"column":54},"end":{"line":415,"column":5}},"line":385},"24":{"name":"_callee11$","decl":{"start":{"line":387,"column":51},"end":{"line":387,"column":61}},"loc":{"start":{"line":387,"column":74},"end":{"line":414,"column":7}},"line":387},"25":{"name":"_callee12","decl":{"start":{"line":420,"column":42},"end":{"line":420,"column":51}},"loc":{"start":{"line":420,"column":54},"end":{"line":448,"column":5}},"line":420},"26":{"name":"_callee12$","decl":{"start":{"line":422,"column":51},"end":{"line":422,"column":61}},"loc":{"start":{"line":422,"column":74},"end":{"line":447,"column":7}},"line":422},"27":{"name":"(anonymous_27)","decl":{"start":{"line":450,"column":31},"end":{"line":450,"column":32}},"loc":{"start":{"line":450,"column":43},"end":{"line":594,"column":3}},"line":450},"28":{"name":"_callee13","decl":{"start":{"line":455,"column":42},"end":{"line":455,"column":51}},"loc":{"start":{"line":455,"column":54},"end":{"line":491,"column":5}},"line":455},"29":{"name":"_callee13$","decl":{"start":{"line":457,"column":51},"end":{"line":457,"column":61}},"loc":{"start":{"line":457,"column":74},"end":{"line":490,"column":7}},"line":457},"30":{"name":"_callee14","decl":{"start":{"line":496,"column":42},"end":{"line":496,"column":51}},"loc":{"start":{"line":496,"column":54},"end":{"line":527,"column":5}},"line":496},"31":{"name":"_callee14$","decl":{"start":{"line":498,"column":51},"end":{"line":498,"column":61}},"loc":{"start":{"line":498,"column":74},"end":{"line":526,"column":7}},"line":498},"32":{"name":"(anonymous_32)","decl":{"start":{"line":517,"column":36},"end":{"line":517,"column":37}},"loc":{"start":{"line":517,"column":55},"end":{"line":519,"column":15}},"line":517},"33":{"name":"_callee15","decl":{"start":{"line":532,"column":42},"end":{"line":532,"column":51}},"loc":{"start":{"line":532,"column":54},"end":{"line":560,"column":5}},"line":532},"34":{"name":"_callee15$","decl":{"start":{"line":534,"column":51},"end":{"line":534,"column":61}},"loc":{"start":{"line":534,"column":74},"end":{"line":559,"column":7}},"line":534},"35":{"name":"_callee16","decl":{"start":{"line":565,"column":42},"end":{"line":565,"column":51}},"loc":{"start":{"line":565,"column":54},"end":{"line":593,"column":5}},"line":565},"36":{"name":"_callee16$","decl":{"start":{"line":567,"column":51},"end":{"line":567,"column":61}},"loc":{"start":{"line":567,"column":74},"end":{"line":592,"column":7}},"line":567},"37":{"name":"(anonymous_37)","decl":{"start":{"line":595,"column":29},"end":{"line":595,"column":30}},"loc":{"start":{"line":595,"column":41},"end":{"line":700,"column":3}},"line":595},"38":{"name":"_callee17","decl":{"start":{"line":600,"column":42},"end":{"line":600,"column":51}},"loc":{"start":{"line":600,"column":54},"end":{"line":629,"column":5}},"line":600},"39":{"name":"_callee17$","decl":{"start":{"line":602,"column":51},"end":{"line":602,"column":61}},"loc":{"start":{"line":602,"column":74},"end":{"line":628,"column":7}},"line":602},"40":{"name":"_callee18","decl":{"start":{"line":634,"column":42},"end":{"line":634,"column":51}},"loc":{"start":{"line":634,"column":54},"end":{"line":664,"column":5}},"line":634},"41":{"name":"_callee18$","decl":{"start":{"line":636,"column":51},"end":{"line":636,"column":61}},"loc":{"start":{"line":636,"column":74},"end":{"line":663,"column":7}},"line":636},"42":{"name":"_callee19","decl":{"start":{"line":669,"column":42},"end":{"line":669,"column":51}},"loc":{"start":{"line":669,"column":54},"end":{"line":699,"column":5}},"line":669},"43":{"name":"_callee19$","decl":{"start":{"line":671,"column":51},"end":{"line":671,"column":61}},"loc":{"start":{"line":671,"column":74},"end":{"line":698,"column":7}},"line":671},"44":{"name":"(anonymous_44)","decl":{"start":{"line":701,"column":33},"end":{"line":701,"column":34}},"loc":{"start":{"line":701,"column":45},"end":{"line":812,"column":3}},"line":701},"45":{"name":"_callee20","decl":{"start":{"line":706,"column":42},"end":{"line":706,"column":51}},"loc":{"start":{"line":706,"column":54},"end":{"line":737,"column":5}},"line":706},"46":{"name":"_callee20$","decl":{"start":{"line":708,"column":51},"end":{"line":708,"column":61}},"loc":{"start":{"line":708,"column":74},"end":{"line":736,"column":7}},"line":708},"47":{"name":"_callee21","decl":{"start":{"line":742,"column":42},"end":{"line":742,"column":51}},"loc":{"start":{"line":742,"column":54},"end":{"line":774,"column":5}},"line":742},"48":{"name":"_callee21$","decl":{"start":{"line":744,"column":51},"end":{"line":744,"column":61}},"loc":{"start":{"line":744,"column":74},"end":{"line":773,"column":7}},"line":744},"49":{"name":"_callee22","decl":{"start":{"line":779,"column":42},"end":{"line":779,"column":51}},"loc":{"start":{"line":779,"column":54},"end":{"line":811,"column":5}},"line":779},"50":{"name":"_callee22$","decl":{"start":{"line":781,"column":51},"end":{"line":781,"column":61}},"loc":{"start":{"line":781,"column":74},"end":{"line":810,"column":7}},"line":781}},"branchMap":{"0":{"loc":{"start":{"line":43,"column":8},"end":{"line":97,"column":9}},"type":"switch","locations":[{"start":{"line":44,"column":10},"end":{"line":67,"column":58}},{"start":{"line":69,"column":10},"end":{"line":72,"column":58}},{"start":{"line":74,"column":10},"end":{"line":77,"column":53}},{"start":{"line":79,"column":10},"end":{"line":89,"column":53}},{"start":{"line":91,"column":10},"end":{"line":92,"column":33}},{"start":{"line":94,"column":10},"end":{"line":94,"column":18}},{"start":{"line":95,"column":10},"end":{"line":96,"column":35}}],"line":43},"1":{"loc":{"start":{"line":108,"column":8},"end":{"line":128,"column":9}},"type":"switch","locations":[{"start":{"line":109,"column":10},"end":{"line":111,"column":63}},{"start":{"line":113,"column":10},"end":{"line":115,"column":63}},{"start":{"line":117,"column":10},"end":{"line":119,"column":63}},{"start":{"line":121,"column":10},"end":{"line":123,"column":66}},{"start":{"line":125,"column":10},"end":{"line":125,"column":17}},{"start":{"line":126,"column":10},"end":{"line":127,"column":36}}],"line":108},"2":{"loc":{"start":{"line":141,"column":10},"end":{"line":160,"column":11}},"type":"switch","locations":[{"start":{"line":142,"column":12},"end":{"line":148,"column":151}},{"start":{"line":150,"column":12},"end":{"line":155,"column":65}},{"start":{"line":157,"column":12},"end":{"line":157,"column":19}},{"start":{"line":158,"column":12},"end":{"line":159,"column":38}}],"line":141},"3":{"loc":{"start":{"line":172,"column":10},"end":{"line":189,"column":11}},"type":"switch","locations":[{"start":{"line":173,"column":12},"end":{"line":177,"column":17}},{"start":{"line":179,"column":12},"end":{"line":184,"column":65}},{"start":{"line":186,"column":12},"end":{"line":186,"column":19}},{"start":{"line":187,"column":12},"end":{"line":188,"column":38}}],"line":172},"4":{"loc":{"start":{"line":201,"column":10},"end":{"line":214,"column":11}},"type":"switch","locations":[{"start":{"line":202,"column":12},"end":{"line":204,"column":141}},{"start":{"line":206,"column":12},"end":{"line":209,"column":53}},{"start":{"line":211,"column":12},"end":{"line":211,"column":19}},{"start":{"line":212,"column":12},"end":{"line":213,"column":38}}],"line":201},"5":{"loc":{"start":{"line":226,"column":10},"end":{"line":241,"column":11}},"type":"switch","locations":[{"start":{"line":227,"column":12},"end":{"line":231,"column":17}},{"start":{"line":233,"column":12},"end":{"line":236,"column":53}},{"start":{"line":238,"column":12},"end":{"line":238,"column":19}},{"start":{"line":239,"column":12},"end":{"line":240,"column":38}}],"line":226},"6":{"loc":{"start":{"line":253,"column":10},"end":{"line":277,"column":11}},"type":"switch","locations":[{"start":{"line":254,"column":12},"end":{"line":259,"column":32}},{"start":{"line":261,"column":12},"end":{"line":267,"column":148}},{"start":{"line":269,"column":12},"end":{"line":272,"column":53}},{"start":{"line":274,"column":12},"end":{"line":274,"column":19}},{"start":{"line":275,"column":12},"end":{"line":276,"column":38}}],"line":253},"7":{"loc":{"start":{"line":291,"column":10},"end":{"line":316,"column":11}},"type":"switch","locations":[{"start":{"line":292,"column":12},"end":{"line":298,"column":80}},{"start":{"line":300,"column":12},"end":{"line":303,"column":164}},{"start":{"line":305,"column":12},"end":{"line":311,"column":159}},{"start":{"line":313,"column":12},"end":{"line":313,"column":20}},{"start":{"line":314,"column":12},"end":{"line":315,"column":38}}],"line":291},"8":{"loc":{"start":{"line":328,"column":10},"end":{"line":342,"column":11}},"type":"switch","locations":[{"start":{"line":329,"column":12},"end":{"line":331,"column":135}},{"start":{"line":333,"column":12},"end":{"line":337,"column":65}},{"start":{"line":339,"column":12},"end":{"line":339,"column":19}},{"start":{"line":340,"column":12},"end":{"line":341,"column":38}}],"line":328},"9":{"loc":{"start":{"line":354,"column":10},"end":{"line":377,"column":11}},"type":"switch","locations":[{"start":{"line":355,"column":12},"end":{"line":361,"column":80}},{"start":{"line":363,"column":12},"end":{"line":366,"column":120}},{"start":{"line":368,"column":12},"end":{"line":372,"column":65}},{"start":{"line":374,"column":12},"end":{"line":374,"column":20}},{"start":{"line":375,"column":12},"end":{"line":376,"column":39}}],"line":354},"10":{"loc":{"start":{"line":389,"column":10},"end":{"line":412,"column":11}},"type":"switch","locations":[{"start":{"line":390,"column":12},"end":{"line":396,"column":80}},{"start":{"line":398,"column":12},"end":{"line":401,"column":164}},{"start":{"line":403,"column":12},"end":{"line":407,"column":65}},{"start":{"line":409,"column":12},"end":{"line":409,"column":20}},{"start":{"line":410,"column":12},"end":{"line":411,"column":39}}],"line":389},"11":{"loc":{"start":{"line":424,"column":10},"end":{"line":445,"column":11}},"type":"switch","locations":[{"start":{"line":425,"column":12},"end":{"line":430,"column":32}},{"start":{"line":432,"column":12},"end":{"line":434,"column":139}},{"start":{"line":436,"column":12},"end":{"line":440,"column":65}},{"start":{"line":442,"column":12},"end":{"line":442,"column":19}},{"start":{"line":443,"column":12},"end":{"line":444,"column":39}}],"line":424},"12":{"loc":{"start":{"line":459,"column":10},"end":{"line":488,"column":11}},"type":"switch","locations":[{"start":{"line":460,"column":12},"end":{"line":465,"column":32}},{"start":{"line":467,"column":12},"end":{"line":472,"column":32}},{"start":{"line":474,"column":12},"end":{"line":476,"column":133}},{"start":{"line":478,"column":12},"end":{"line":483,"column":47}},{"start":{"line":485,"column":12},"end":{"line":485,"column":20}},{"start":{"line":486,"column":12},"end":{"line":487,"column":39}}],"line":459},"13":{"loc":{"start":{"line":500,"column":10},"end":{"line":524,"column":11}},"type":"switch","locations":[{"start":{"line":501,"column":12},"end":{"line":506,"column":32}},{"start":{"line":508,"column":12},"end":{"line":510,"column":133}},{"start":{"line":512,"column":12},"end":{"line":519,"column":17}},{"start":{"line":521,"column":12},"end":{"line":521,"column":19}},{"start":{"line":522,"column":12},"end":{"line":523,"column":39}}],"line":500},"14":{"loc":{"start":{"line":536,"column":10},"end":{"line":557,"column":11}},"type":"switch","locations":[{"start":{"line":537,"column":12},"end":{"line":542,"column":32}},{"start":{"line":544,"column":12},"end":{"line":546,"column":89}},{"start":{"line":548,"column":12},"end":{"line":552,"column":65}},{"start":{"line":554,"column":12},"end":{"line":554,"column":19}},{"start":{"line":555,"column":12},"end":{"line":556,"column":39}}],"line":536},"15":{"loc":{"start":{"line":569,"column":10},"end":{"line":590,"column":11}},"type":"switch","locations":[{"start":{"line":570,"column":12},"end":{"line":575,"column":32}},{"start":{"line":577,"column":12},"end":{"line":579,"column":112}},{"start":{"line":581,"column":12},"end":{"line":585,"column":65}},{"start":{"line":587,"column":12},"end":{"line":587,"column":19}},{"start":{"line":588,"column":12},"end":{"line":589,"column":39}}],"line":569},"16":{"loc":{"start":{"line":604,"column":10},"end":{"line":626,"column":11}},"type":"switch","locations":[{"start":{"line":605,"column":12},"end":{"line":611,"column":83}},{"start":{"line":613,"column":12},"end":{"line":616,"column":167}},{"start":{"line":618,"column":12},"end":{"line":621,"column":48}},{"start":{"line":623,"column":12},"end":{"line":623,"column":19}},{"start":{"line":624,"column":12},"end":{"line":625,"column":39}}],"line":604},"17":{"loc":{"start":{"line":638,"column":10},"end":{"line":661,"column":11}},"type":"switch","locations":[{"start":{"line":639,"column":12},"end":{"line":645,"column":83}},{"start":{"line":647,"column":12},"end":{"line":650,"column":123}},{"start":{"line":652,"column":12},"end":{"line":656,"column":65}},{"start":{"line":658,"column":12},"end":{"line":658,"column":20}},{"start":{"line":659,"column":12},"end":{"line":660,"column":39}}],"line":638},"18":{"loc":{"start":{"line":673,"column":10},"end":{"line":696,"column":11}},"type":"switch","locations":[{"start":{"line":674,"column":12},"end":{"line":680,"column":83}},{"start":{"line":682,"column":12},"end":{"line":685,"column":167}},{"start":{"line":687,"column":12},"end":{"line":691,"column":65}},{"start":{"line":693,"column":12},"end":{"line":693,"column":20}},{"start":{"line":694,"column":12},"end":{"line":695,"column":39}}],"line":673},"19":{"loc":{"start":{"line":710,"column":10},"end":{"line":734,"column":11}},"type":"switch","locations":[{"start":{"line":711,"column":12},"end":{"line":717,"column":83}},{"start":{"line":719,"column":12},"end":{"line":724,"column":17}},{"start":{"line":726,"column":12},"end":{"line":729,"column":100}},{"start":{"line":731,"column":12},"end":{"line":731,"column":19}},{"start":{"line":732,"column":12},"end":{"line":733,"column":39}}],"line":710},"20":{"loc":{"start":{"line":746,"column":10},"end":{"line":771,"column":11}},"type":"switch","locations":[{"start":{"line":747,"column":12},"end":{"line":753,"column":83}},{"start":{"line":755,"column":12},"end":{"line":760,"column":17}},{"start":{"line":762,"column":12},"end":{"line":766,"column":65}},{"start":{"line":768,"column":12},"end":{"line":768,"column":20}},{"start":{"line":769,"column":12},"end":{"line":770,"column":39}}],"line":746},"21":{"loc":{"start":{"line":783,"column":10},"end":{"line":808,"column":11}},"type":"switch","locations":[{"start":{"line":784,"column":12},"end":{"line":790,"column":83}},{"start":{"line":792,"column":12},"end":{"line":797,"column":17}},{"start":{"line":799,"column":12},"end":{"line":803,"column":65}},{"start":{"line":805,"column":12},"end":{"line":805,"column":20}},{"start":{"line":806,"column":12},"end":{"line":807,"column":39}}],"line":783}},"s":{"0":1,"1":1,"2":1,"3":1,"4":1,"5":1,"6":1,"7":1,"8":1,"9":1,"10":1,"11":1,"12":1,"13":1,"14":1,"15":20,"16":100,"17":100,"18":20,"19":20,"20":20,"21":20,"22":20,"23":20,"24":20,"25":20,"26":20,"27":20,"28":20,"29":20,"30":20,"31":20,"32":20,"33":20,"34":20,"35":1,"36":20,"37":100,"38":100,"39":20,"40":20,"41":20,"42":20,"43":20,"44":20,"45":20,"46":20,"47":20,"48":1,"49":1,"50":1,"51":2,"52":2,"53":1,"54":1,"55":1,"56":1,"57":1,"58":1,"59":1,"60":1,"61":1,"62":1,"63":1,"64":2,"65":2,"66":1,"67":1,"68":1,"69":1,"70":1,"71":1,"72":1,"73":1,"74":1,"75":1,"76":2,"77":2,"78":1,"79":1,"80":1,"81":1,"82":1,"83":1,"84":1,"85":1,"86":2,"87":2,"88":1,"89":1,"90":1,"91":1,"92":1,"93":1,"94":1,"95":1,"96":3,"97":3,"98":1,"99":1,"100":1,"101":1,"102":1,"103":1,"104":1,"105":1,"106":1,"107":1,"108":1,"109":1,"110":3,"111":3,"112":1,"113":1,"114":1,"115":1,"116":1,"117":1,"118":1,"119":1,"120":1,"121":1,"122":1,"123":1,"124":1,"125":1,"126":1,"127":2,"128":2,"129":1,"130":1,"131":1,"132":1,"133":1,"134":1,"135":1,"136":1,"137":1,"138":3,"139":3,"140":1,"141":1,"142":1,"143":1,"144":1,"145":1,"146":1,"147":1,"148":1,"149":1,"150":1,"151":1,"152":1,"153":3,"154":3,"155":1,"156":1,"157":1,"158":1,"159":1,"160":1,"161":1,"162":1,"163":1,"164":1,"165":1,"166":1,"167":1,"168":3,"169":3,"170":1,"171":1,"172":1,"173":1,"174":1,"175":1,"176":1,"177":1,"178":1,"179":1,"180":1,"181":1,"182":4,"183":4,"184":1,"185":1,"186":1,"187":1,"188":1,"189":1,"190":1,"191":1,"192":1,"193":1,"194":1,"195":1,"196":1,"197":1,"198":3,"199":3,"200":1,"201":1,"202":1,"203":1,"204":1,"205":1,"206":1,"207":1,"208":1,"209":1,"210":1,"211":1,"212":1,"213":3,"214":3,"215":1,"216":1,"217":1,"218":1,"219":1,"220":1,"221":1,"222":1,"223":1,"224":1,"225":1,"226":3,"227":3,"228":1,"229":1,"230":1,"231":1,"232":1,"233":1,"234":1,"235":1,"236":1,"237":1,"238":1,"239":1,"240":3,"241":3,"242":1,"243":1,"244":1,"245":1,"246":1,"247":1,"248":1,"249":1,"250":1,"251":1,"252":1,"253":1,"254":3,"255":3,"256":1,"257":1,"258":1,"259":1,"260":1,"261":1,"262":1,"263":1,"264":1,"265":1,"266":1,"267":1,"268":1,"269":3,"270":3,"271":1,"272":1,"273":1,"274":1,"275":1,"276":1,"277":1,"278":1,"279":1,"280":1,"281":1,"282":1,"283":1,"284":1,"285":3,"286":3,"287":1,"288":1,"289":1,"290":1,"291":1,"292":1,"293":1,"294":1,"295":1,"296":1,"297":1,"298":1,"299":3,"300":3,"301":1,"302":1,"303":1,"304":1,"305":1,"306":1,"307":1,"308":1,"309":1,"310":1,"311":1,"312":1,"313":1,"314":3,"315":3,"316":1,"317":1,"318":1,"319":1,"320":1,"321":1,"322":1,"323":1,"324":1,"325":1,"326":1},"f":{"0":1,"1":20,"2":100,"3":20,"4":100,"5":1,"6":1,"7":2,"8":1,"9":2,"10":1,"11":2,"12":1,"13":2,"14":1,"15":3,"16":1,"17":1,"18":3,"19":1,"20":2,"21":1,"22":3,"23":1,"24":3,"25":1,"26":3,"27":1,"28":1,"29":4,"30":1,"31":3,"32":1,"33":1,"34":3,"35":1,"36":3,"37":1,"38":1,"39":3,"40":1,"41":3,"42":1,"43":3,"44":1,"45":1,"46":3,"47":1,"48":3,"49":1,"50":3},"b":{"0":[20,20,20,20,20,20,20],"1":[20,20,20,20,20,20],"2":[1,1,1,1],"3":[1,1,1,1],"4":[1,1,1,1],"5":[1,1,1,1],"6":[1,1,1,1,1],"7":[1,1,1,1,1],"8":[1,1,1,1],"9":[1,1,1,1,1],"10":[1,1,1,1,1],"11":[1,1,1,1,1],"12":[1,1,1,1,1,1],"13":[1,1,1,1,1],"14":[1,1,1,1,1],"15":[1,1,1,1,1],"16":[1,1,1,1,1],"17":[1,1,1,1,1],"18":[1,1,1,1,1],"19":[1,1,1,1,1],"20":[1,1,1,1,1],"21":[1,1,1,1,1]},"_coverageSchema":"43e27e138ebf9cfc5966b082cf9a028302ed4184","hash":"9b2ef2c0b8f5ed0b1e6b9f23eb5be38d2a002ded","contentHash":"9f3d2c9dccdce056fa4cd7144ead81cc3760bf232cbfbc4b4675dd2a7969325e"},"C:\\Users\\CHANCERY AND SCRIBE\\Desktop\\WayFarer\\server\\index.js":{"path":"C:\\Users\\CHANCERY AND SCRIBE\\Desktop\\WayFarer\\server\\index.js","statementMap":{"0":{"start":{"line":3,"column":29},"end":{"line":3,"column":84}},"1":{"start":{"line":5,"column":0},"end":{"line":7,"column":3}},"2":{"start":{"line":8,"column":0},"end":{"line":8,"column":28}},"3":{"start":{"line":10,"column":15},"end":{"line":10,"column":57}},"4":{"start":{"line":12,"column":13},"end":{"line":12,"column":53}},"5":{"start":{"line":14,"column":13},"end":{"line":14,"column":62}},"6":{"start":{"line":16,"column":11},"end":{"line":16,"column":58}},"7":{"start":{"line":18,"column":13},"end":{"line":18,"column":62}},"8":{"start":{"line":20,"column":16},"end":{"line":20,"column":68}},"9":{"start":{"line":23,"column":10},"end":{"line":23,"column":36}},"10":{"start":{"line":25,"column":0},"end":{"line":25,"column":36}},"11":{"start":{"line":26,"column":0},"end":{"line":28,"column":4}},"12":{"start":{"line":30,"column":0},"end":{"line":30,"column":43}},"13":{"start":{"line":31,"column":0},"end":{"line":31,"column":42}},"14":{"start":{"line":32,"column":0},"end":{"line":32,"column":44}},"15":{"start":{"line":33,"column":0},"end":{"line":33,"column":50}},"16":{"start":{"line":34,"column":11},"end":{"line":34,"column":15}},"17":{"start":{"line":36,"column":0},"end":{"line":38,"column":3}},"18":{"start":{"line":37,"column":2},"end":{"line":37,"column":75}},"19":{"start":{"line":39,"column":15},"end":{"line":39,"column":18}},"20":{"start":{"line":40,"column":0},"end":{"line":40,"column":30}}},"fnMap":{"0":{"name":"(anonymous_0)","decl":{"start":{"line":36,"column":17},"end":{"line":36,"column":18}},"loc":{"start":{"line":36,"column":29},"end":{"line":38,"column":1}},"line":36}},"branchMap":{},"s":{"0":1,"1":1,"2":1,"3":1,"4":1,"5":1,"6":1,"7":1,"8":1,"9":1,"10":1,"11":1,"12":1,"13":1,"14":1,"15":1,"16":1,"17":1,"18":1,"19":1,"20":1},"f":{"0":1},"b":{},"_coverageSchema":"43e27e138ebf9cfc5966b082cf9a028302ed4184","hash":"ba668481169717e93827c15c3c93183484ef976c","contentHash":"f93658c36945136ade309634ba3b59190c0c70aae4f74591dbf8dbb1865d8955"},"C:\\Users\\CHANCERY AND SCRIBE\\Desktop\\WayFarer\\server\\routes\\users.js":{"path":"C:\\Users\\CHANCERY AND SCRIBE\\Desktop\\WayFarer\\server\\routes\\users.js","statementMap":{"0":{"start":{"line":3,"column":29},"end":{"line":3,"column":84}},"1":{"start":{"line":5,"column":0},"end":{"line":7,"column":3}},"2":{"start":{"line":8,"column":0},"end":{"line":8,"column":28}},"3":{"start":{"line":10,"column":15},"end":{"line":10,"column":57}},"4":{"start":{"line":12,"column":13},"end":{"line":12,"column":68}},"5":{"start":{"line":14,"column":23},"end":{"line":14,"column":64}},"6":{"start":{"line":16,"column":24},"end":{"line":16,"column":66}},"7":{"start":{"line":18,"column":13},"end":{"line":18,"column":41}},"8":{"start":{"line":20,"column":0},"end":{"line":20,"column":82}},"9":{"start":{"line":21,"column":0},"end":{"line":21,"column":80}},"10":{"start":{"line":22,"column":0},"end":{"line":22,"column":124}},"11":{"start":{"line":23,"column":15},"end":{"line":23,"column":21}},"12":{"start":{"line":24,"column":0},"end":{"line":24,"column":30}}},"fnMap":{},"branchMap":{},"s":{"0":1,"1":1,"2":1,"3":1,"4":1,"5":1,"6":1,"7":1,"8":1,"9":1,"10":1,"11":1,"12":1},"f":{},"b":{},"_coverageSchema":"43e27e138ebf9cfc5966b082cf9a028302ed4184","hash":"cc10a63a85d40041f6637cc0272f7c7db6500a98","contentHash":"0ba7a13b9fbfcc7b84067ca9c891ac73768da985ec86cec8c914b48b88b735e2"},"C:\\Users\\CHANCERY AND SCRIBE\\Desktop\\WayFarer\\server\\controllers\\users.js":{"path":"C:\\Users\\CHANCERY AND SCRIBE\\Desktop\\WayFarer\\server\\controllers\\users.js","statementMap":{"0":{"start":{"line":3,"column":29},"end":{"line":3,"column":84}},"1":{"start":{"line":5,"column":0},"end":{"line":7,"column":3}},"2":{"start":{"line":8,"column":0},"end":{"line":8,"column":28}},"3":{"start":{"line":10,"column":23},"end":{"line":10,"column":95}},"4":{"start":{"line":12,"column":32},"end":{"line":12,"column":113}},"5":{"start":{"line":14,"column":19},"end":{"line":14,"column":80}},"6":{"start":{"line":16,"column":25},"end":{"line":16,"column":99}},"7":{"start":{"line":18,"column":23},"end":{"line":18,"column":95}},"8":{"start":{"line":20,"column":20},"end":{"line":20,"column":89}},"9":{"start":{"line":22,"column":13},"end":{"line":22,"column":68}},"10":{"start":{"line":24,"column":14},"end":{"line":24,"column":40}},"11":{"start":{"line":26,"column":54},"end":{"line":26,"column":73}},"12":{"start":{"line":26,"column":75},"end":{"line":26,"column":173}},"13":{"start":{"line":26,"column":111},"end":{"line":26,"column":171}},"14":{"start":{"line":26,"column":174},"end":{"line":26,"column":297}},"15":{"start":{"line":26,"column":194},"end":{"line":26,"column":297}},"16":{"start":{"line":26,"column":230},"end":{"line":26,"column":293}},"17":{"start":{"line":26,"column":298},"end":{"line":26,"column":310}},"18":{"start":{"line":28,"column":33},"end":{"line":28,"column":518}},"19":{"start":{"line":28,"column":46},"end":{"line":28,"column":47}},"20":{"start":{"line":28,"column":91},"end":{"line":28,"column":131}},"21":{"start":{"line":28,"column":133},"end":{"line":28,"column":516}},"22":{"start":{"line":28,"column":146},"end":{"line":28,"column":256}},"23":{"start":{"line":28,"column":193},"end":{"line":28,"column":252}},"24":{"start":{"line":28,"column":264},"end":{"line":28,"column":516}},"25":{"start":{"line":28,"column":304},"end":{"line":28,"column":378}},"26":{"start":{"line":28,"column":388},"end":{"line":28,"column":514}},"27":{"start":{"line":28,"column":429},"end":{"line":28,"column":510}},"28":{"start":{"line":28,"column":519},"end":{"line":28,"column":533}},"29":{"start":{"line":32,"column":0},"end":{"line":238,"column":3}},"30":{"start":{"line":34,"column":4},"end":{"line":34,"column":49}},"31":{"start":{"line":37,"column":2},"end":{"line":236,"column":6}},"32":{"start":{"line":40,"column":20},"end":{"line":78,"column":9}},"33":{"start":{"line":44,"column":8},"end":{"line":77,"column":36}},"34":{"start":{"line":45,"column":10},"end":{"line":76,"column":11}},"35":{"start":{"line":46,"column":12},"end":{"line":75,"column":13}},"36":{"start":{"line":48,"column":16},"end":{"line":48,"column":34}},"37":{"start":{"line":49,"column":16},"end":{"line":49,"column":34}},"38":{"start":{"line":50,"column":16},"end":{"line":50,"column":62}},"39":{"start":{"line":53,"column":16},"end":{"line":53,"column":40}},"40":{"start":{"line":54,"column":16},"end":{"line":54,"column":94}},"41":{"start":{"line":55,"column":16},"end":{"line":62,"column":20}},"42":{"start":{"line":65,"column":16},"end":{"line":65,"column":34}},"43":{"start":{"line":66,"column":16},"end":{"line":66,"column":51}},"44":{"start":{"line":67,"column":16},"end":{"line":70,"column":20}},"45":{"start":{"line":74,"column":16},"end":{"line":74,"column":39}},"46":{"start":{"line":81,"column":8},"end":{"line":81,"column":46}},"47":{"start":{"line":84,"column":6},"end":{"line":84,"column":20}},"48":{"start":{"line":89,"column":19},"end":{"line":164,"column":9}},"49":{"start":{"line":93,"column":8},"end":{"line":163,"column":38}},"50":{"start":{"line":94,"column":10},"end":{"line":162,"column":11}},"51":{"start":{"line":95,"column":12},"end":{"line":161,"column":13}},"52":{"start":{"line":97,"column":16},"end":{"line":97,"column":35}},"53":{"start":{"line":98,"column":16},"end":{"line":98,"column":72}},"54":{"start":{"line":101,"column":16},"end":{"line":101,"column":38}},"55":{"start":{"line":103,"column":16},"end":{"line":106,"column":17}},"56":{"start":{"line":104,"column":18},"end":{"line":104,"column":37}},"57":{"start":{"line":105,"column":18},"end":{"line":105,"column":24}},"58":{"start":{"line":108,"column":16},"end":{"line":111,"column":20}},"59":{"start":{"line":114,"column":16},"end":{"line":114,"column":35}},"60":{"start":{"line":115,"column":16},"end":{"line":115,"column":35}},"61":{"start":{"line":116,"column":16},"end":{"line":116,"column":85}},"62":{"start":{"line":119,"column":16},"end":{"line":119,"column":49}},"63":{"start":{"line":121,"column":16},"end":{"line":124,"column":17}},"64":{"start":{"line":122,"column":18},"end":{"line":122,"column":38}},"65":{"start":{"line":123,"column":18},"end":{"line":123,"column":24}},"66":{"start":{"line":126,"column":16},"end":{"line":129,"column":20}},"67":{"start":{"line":132,"column":16},"end":{"line":132,"column":173}},"68":{"start":{"line":133,"column":16},"end":{"line":137,"column":18}},"69":{"start":{"line":138,"column":16},"end":{"line":138,"column":36}},"70":{"start":{"line":139,"column":16},"end":{"line":139,"column":59}},"71":{"start":{"line":142,"column":16},"end":{"line":142,"column":39}},"72":{"start":{"line":143,"column":16},"end":{"line":148,"column":20}},"73":{"start":{"line":151,"column":16},"end":{"line":151,"column":36}},"74":{"start":{"line":152,"column":16},"end":{"line":152,"column":53}},"75":{"start":{"line":153,"column":16},"end":{"line":156,"column":20}},"76":{"start":{"line":160,"column":16},"end":{"line":160,"column":40}},"77":{"start":{"line":167,"column":8},"end":{"line":167,"column":45}},"78":{"start":{"line":170,"column":6},"end":{"line":170,"column":19}},"79":{"start":{"line":175,"column":22},"end":{"line":228,"column":9}},"80":{"start":{"line":180,"column":8},"end":{"line":227,"column":38}},"81":{"start":{"line":181,"column":10},"end":{"line":226,"column":11}},"82":{"start":{"line":182,"column":12},"end":{"line":225,"column":13}},"83":{"start":{"line":184,"column":16},"end":{"line":184,"column":35}},"84":{"start":{"line":185,"column":16},"end":{"line":185,"column":35}},"85":{"start":{"line":186,"column":16},"end":{"line":186,"column":82}},"86":{"start":{"line":189,"column":16},"end":{"line":189,"column":43}},"87":{"start":{"line":191,"column":16},"end":{"line":194,"column":17}},"88":{"start":{"line":192,"column":18},"end":{"line":192,"column":37}},"89":{"start":{"line":193,"column":18},"end":{"line":193,"column":24}},"90":{"start":{"line":196,"column":16},"end":{"line":199,"column":20}},"91":{"start":{"line":202,"column":16},"end":{"line":202,"column":206}},"92":{"start":{"line":203,"column":16},"end":{"line":212,"column":20}},"93":{"start":{"line":215,"column":16},"end":{"line":215,"column":36}},"94":{"start":{"line":216,"column":16},"end":{"line":216,"column":53}},"95":{"start":{"line":217,"column":16},"end":{"line":220,"column":20}},"96":{"start":{"line":224,"column":16},"end":{"line":224,"column":40}},"97":{"start":{"line":231,"column":8},"end":{"line":231,"column":48}},"98":{"start":{"line":234,"column":6},"end":{"line":234,"column":22}},"99":{"start":{"line":237,"column":2},"end":{"line":237,"column":14}},"100":{"start":{"line":240,"column":15},"end":{"line":240,"column":19}},"101":{"start":{"line":241,"column":0},"end":{"line":241,"column":30}}},"fnMap":{"0":{"name":"ownKeys","decl":{"start":{"line":26,"column":9},"end":{"line":26,"column":16}},"loc":{"start":{"line":26,"column":41},"end":{"line":26,"column":312}},"line":26},"1":{"name":"(anonymous_1)","decl":{"start":{"line":26,"column":213},"end":{"line":26,"column":214}},"loc":{"start":{"line":26,"column":228},"end":{"line":26,"column":295}},"line":26},"2":{"name":"_objectSpread","decl":{"start":{"line":28,"column":9},"end":{"line":28,"column":22}},"loc":{"start":{"line":28,"column":31},"end":{"line":28,"column":535}},"line":28},"3":{"name":"(anonymous_3)","decl":{"start":{"line":28,"column":176},"end":{"line":28,"column":177}},"loc":{"start":{"line":28,"column":191},"end":{"line":28,"column":254}},"line":28},"4":{"name":"(anonymous_4)","decl":{"start":{"line":28,"column":412},"end":{"line":28,"column":413}},"loc":{"start":{"line":28,"column":427},"end":{"line":28,"column":512}},"line":28},"5":{"name":"(anonymous_5)","decl":{"start":{"line":32,"column":0},"end":{"line":32,"column":1}},"loc":{"start":{"line":32,"column":12},"end":{"line":238,"column":1}},"line":32},"6":{"name":"User","decl":{"start":{"line":33,"column":11},"end":{"line":33,"column":15}},"loc":{"start":{"line":33,"column":18},"end":{"line":35,"column":3}},"line":33},"7":{"name":"(anonymous_7)","decl":{"start":{"line":39,"column":11},"end":{"line":39,"column":12}},"loc":{"start":{"line":39,"column":23},"end":{"line":85,"column":5}},"line":39},"8":{"name":"_callee","decl":{"start":{"line":42,"column":44},"end":{"line":42,"column":51}},"loc":{"start":{"line":42,"column":62},"end":{"line":78,"column":7}},"line":42},"9":{"name":"_callee$","decl":{"start":{"line":44,"column":53},"end":{"line":44,"column":61}},"loc":{"start":{"line":44,"column":72},"end":{"line":77,"column":9}},"line":44},"10":{"name":"create","decl":{"start":{"line":80,"column":15},"end":{"line":80,"column":21}},"loc":{"start":{"line":80,"column":31},"end":{"line":82,"column":7}},"line":80},"11":{"name":"(anonymous_11)","decl":{"start":{"line":88,"column":11},"end":{"line":88,"column":12}},"loc":{"start":{"line":88,"column":23},"end":{"line":171,"column":5}},"line":88},"12":{"name":"_callee2","decl":{"start":{"line":91,"column":44},"end":{"line":91,"column":52}},"loc":{"start":{"line":91,"column":63},"end":{"line":164,"column":7}},"line":91},"13":{"name":"_callee2$","decl":{"start":{"line":93,"column":53},"end":{"line":93,"column":62}},"loc":{"start":{"line":93,"column":74},"end":{"line":163,"column":9}},"line":93},"14":{"name":"login","decl":{"start":{"line":166,"column":15},"end":{"line":166,"column":20}},"loc":{"start":{"line":166,"column":31},"end":{"line":168,"column":7}},"line":166},"15":{"name":"(anonymous_15)","decl":{"start":{"line":174,"column":11},"end":{"line":174,"column":12}},"loc":{"start":{"line":174,"column":23},"end":{"line":235,"column":5}},"line":174},"16":{"name":"_callee3","decl":{"start":{"line":177,"column":44},"end":{"line":177,"column":52}},"loc":{"start":{"line":177,"column":63},"end":{"line":228,"column":7}},"line":177},"17":{"name":"_callee3$","decl":{"start":{"line":180,"column":53},"end":{"line":180,"column":62}},"loc":{"start":{"line":180,"column":74},"end":{"line":227,"column":9}},"line":180},"18":{"name":"findUser","decl":{"start":{"line":230,"column":15},"end":{"line":230,"column":23}},"loc":{"start":{"line":230,"column":34},"end":{"line":232,"column":7}},"line":230}},"branchMap":{"0":{"loc":{"start":{"line":26,"column":75},"end":{"line":26,"column":173}},"type":"if","locations":[{"start":{"line":26,"column":75},"end":{"line":26,"column":173}},{"start":{"line":26,"column":75},"end":{"line":26,"column":173}}],"line":26},"1":{"loc":{"start":{"line":26,"column":174},"end":{"line":26,"column":297}},"type":"if","locations":[{"start":{"line":26,"column":174},"end":{"line":26,"column":297}},{"start":{"line":26,"column":174},"end":{"line":26,"column":297}}],"line":26},"2":{"loc":{"start":{"line":28,"column":91},"end":{"line":28,"column":131}},"type":"cond-expr","locations":[{"start":{"line":28,"column":114},"end":{"line":28,"column":126}},{"start":{"line":28,"column":129},"end":{"line":28,"column":131}}],"line":28},"3":{"loc":{"start":{"line":28,"column":133},"end":{"line":28,"column":516}},"type":"if","locations":[{"start":{"line":28,"column":133},"end":{"line":28,"column":516}},{"start":{"line":28,"column":133},"end":{"line":28,"column":516}}],"line":28},"4":{"loc":{"start":{"line":28,"column":264},"end":{"line":28,"column":516}},"type":"if","locations":[{"start":{"line":28,"column":264},"end":{"line":28,"column":516}},{"start":{"line":28,"column":264},"end":{"line":28,"column":516}}],"line":28},"5":{"loc":{"start":{"line":46,"column":12},"end":{"line":75,"column":13}},"type":"switch","locations":[{"start":{"line":47,"column":14},"end":{"line":50,"column":62}},{"start":{"line":52,"column":14},"end":{"line":62,"column":20}},{"start":{"line":64,"column":14},"end":{"line":70,"column":20}},{"start":{"line":72,"column":14},"end":{"line":72,"column":22}},{"start":{"line":73,"column":14},"end":{"line":74,"column":39}}],"line":46},"6":{"loc":{"start":{"line":95,"column":12},"end":{"line":161,"column":13}},"type":"switch","locations":[{"start":{"line":96,"column":14},"end":{"line":98,"column":72}},{"start":{"line":100,"column":14},"end":{"line":111,"column":20}},{"start":{"line":113,"column":14},"end":{"line":116,"column":85}},{"start":{"line":118,"column":14},"end":{"line":129,"column":20}},{"start":{"line":131,"column":14},"end":{"line":139,"column":59}},{"start":{"line":141,"column":14},"end":{"line":148,"column":20}},{"start":{"line":150,"column":14},"end":{"line":156,"column":20}},{"start":{"line":158,"column":14},"end":{"line":158,"column":22}},{"start":{"line":159,"column":14},"end":{"line":160,"column":40}}],"line":95},"7":{"loc":{"start":{"line":103,"column":16},"end":{"line":106,"column":17}},"type":"if","locations":[{"start":{"line":103,"column":16},"end":{"line":106,"column":17}},{"start":{"line":103,"column":16},"end":{"line":106,"column":17}}],"line":103},"8":{"loc":{"start":{"line":121,"column":16},"end":{"line":124,"column":17}},"type":"if","locations":[{"start":{"line":121,"column":16},"end":{"line":124,"column":17}},{"start":{"line":121,"column":16},"end":{"line":124,"column":17}}],"line":121},"9":{"loc":{"start":{"line":182,"column":12},"end":{"line":225,"column":13}},"type":"switch","locations":[{"start":{"line":183,"column":14},"end":{"line":186,"column":82}},{"start":{"line":188,"column":14},"end":{"line":199,"column":20}},{"start":{"line":201,"column":14},"end":{"line":212,"column":20}},{"start":{"line":214,"column":14},"end":{"line":220,"column":20}},{"start":{"line":222,"column":14},"end":{"line":222,"column":22}},{"start":{"line":223,"column":14},"end":{"line":224,"column":40}}],"line":182},"10":{"loc":{"start":{"line":191,"column":16},"end":{"line":194,"column":17}},"type":"if","locations":[{"start":{"line":191,"column":16},"end":{"line":194,"column":17}},{"start":{"line":191,"column":16},"end":{"line":194,"column":17}}],"line":191}},"s":{"0":1,"1":1,"2":1,"3":1,"4":1,"5":1,"6":1,"7":1,"8":1,"9":1,"10":1,"11":1,"12":1,"13":1,"14":1,"15":1,"16":5,"17":1,"18":1,"19":1,"20":1,"21":1,"22":1,"23":5,"24":0,"25":0,"26":0,"27":0,"28":1,"29":1,"30":0,"31":1,"32":1,"33":3,"34":9,"35":9,"36":3,"37":3,"38":3,"39":2,"40":2,"41":2,"42":1,"43":1,"44":1,"45":3,"46":3,"47":1,"48":1,"49":3,"50":12,"51":15,"52":3,"53":3,"54":3,"55":3,"56":2,"57":2,"58":1,"59":2,"60":2,"61":2,"62":2,"63":2,"64":1,"65":1,"66":1,"67":1,"68":1,"69":1,"70":1,"71":1,"72":1,"73":0,"74":0,"75":0,"76":3,"77":3,"78":1,"79":1,"80":2,"81":6,"82":7,"83":2,"84":2,"85":2,"86":1,"87":1,"88":1,"89":1,"90":0,"91":1,"92":1,"93":1,"94":1,"95":1,"96":2,"97":2,"98":1,"99":1,"100":1,"101":1},"f":{"0":1,"1":5,"2":1,"3":5,"4":0,"5":1,"6":0,"7":1,"8":3,"9":9,"10":3,"11":1,"12":3,"13":12,"14":3,"15":1,"16":2,"17":6,"18":2},"b":{"0":[1,0],"1":[1,0],"2":[1,0],"3":[1,0],"4":[0,0],"5":[3,2,1,0,3],"6":[3,3,2,2,1,1,0,0,3],"7":[2,1],"8":[1,1],"9":[2,1,1,1,0,2],"10":[1,0]},"_coverageSchema":"43e27e138ebf9cfc5966b082cf9a028302ed4184","hash":"55e808fae325ef9923065a547040c4ccce406662","contentHash":"e6b0e129252c4f3f88d511381a93e1a025c21f1d407754ff071692c51056a62a"},"C:\\Users\\CHANCERY AND SCRIBE\\Desktop\\WayFarer\\server\\utils\\users.utils.js":{"path":"C:\\Users\\CHANCERY AND SCRIBE\\Desktop\\WayFarer\\server\\utils\\users.utils.js","statementMap":{"0":{"start":{"line":3,"column":29},"end":{"line":3,"column":84}},"1":{"start":{"line":5,"column":0},"end":{"line":7,"column":3}},"2":{"start":{"line":8,"column":0},"end":{"line":8,"column":28}},"3":{"start":{"line":10,"column":19},"end":{"line":10,"column":80}},"4":{"start":{"line":12,"column":23},"end":{"line":12,"column":95}},"5":{"start":{"line":14,"column":25},"end":{"line":14,"column":99}},"6":{"start":{"line":16,"column":23},"end":{"line":16,"column":95}},"7":{"start":{"line":18,"column":20},"end":{"line":18,"column":89}},"8":{"start":{"line":20,"column":14},"end":{"line":20,"column":33}},"9":{"start":{"line":22,"column":13},"end":{"line":22,"column":55}},"10":{"start":{"line":24,"column":54},"end":{"line":24,"column":73}},"11":{"start":{"line":24,"column":75},"end":{"line":24,"column":173}},"12":{"start":{"line":24,"column":111},"end":{"line":24,"column":171}},"13":{"start":{"line":24,"column":174},"end":{"line":24,"column":297}},"14":{"start":{"line":24,"column":194},"end":{"line":24,"column":297}},"15":{"start":{"line":24,"column":230},"end":{"line":24,"column":293}},"16":{"start":{"line":24,"column":298},"end":{"line":24,"column":310}},"17":{"start":{"line":26,"column":33},"end":{"line":26,"column":518}},"18":{"start":{"line":26,"column":46},"end":{"line":26,"column":47}},"19":{"start":{"line":26,"column":91},"end":{"line":26,"column":131}},"20":{"start":{"line":26,"column":133},"end":{"line":26,"column":516}},"21":{"start":{"line":26,"column":146},"end":{"line":26,"column":256}},"22":{"start":{"line":26,"column":193},"end":{"line":26,"column":252}},"23":{"start":{"line":26,"column":264},"end":{"line":26,"column":516}},"24":{"start":{"line":26,"column":304},"end":{"line":26,"column":378}},"25":{"start":{"line":26,"column":388},"end":{"line":26,"column":514}},"26":{"start":{"line":26,"column":429},"end":{"line":26,"column":510}},"27":{"start":{"line":26,"column":519},"end":{"line":26,"column":533}},"28":{"start":{"line":30,"column":0},"end":{"line":185,"column":3}},"29":{"start":{"line":32,"column":4},"end":{"line":32,"column":55}},"30":{"start":{"line":35,"column":2},"end":{"line":183,"column":6}},"31":{"start":{"line":38,"column":24},"end":{"line":97,"column":9}},"32":{"start":{"line":42,"column":8},"end":{"line":96,"column":37}},"33":{"start":{"line":43,"column":10},"end":{"line":95,"column":11}},"34":{"start":{"line":44,"column":12},"end":{"line":94,"column":13}},"35":{"start":{"line":46,"column":16},"end":{"line":46,"column":143}},"36":{"start":{"line":48,"column":16},"end":{"line":48,"column":34}},"37":{"start":{"line":49,"column":16},"end":{"line":49,"column":56}},"38":{"start":{"line":52,"column":16},"end":{"line":52,"column":45}},"39":{"start":{"line":54,"column":16},"end":{"line":57,"column":17}},"40":{"start":{"line":55,"column":18},"end":{"line":55,"column":36}},"41":{"start":{"line":56,"column":18},"end":{"line":56,"column":24}},"42":{"start":{"line":59,"column":16},"end":{"line":59,"column":60}},"43":{"start":{"line":63,"column":16},"end":{"line":63,"column":150}},"44":{"start":{"line":64,"column":16},"end":{"line":64,"column":34}},"45":{"start":{"line":65,"column":16},"end":{"line":65,"column":69}},"46":{"start":{"line":66,"column":16},"end":{"line":66,"column":81}},"47":{"start":{"line":67,"column":16},"end":{"line":67,"column":35}},"48":{"start":{"line":68,"column":16},"end":{"line":68,"column":68}},"49":{"start":{"line":71,"column":16},"end":{"line":71,"column":44}},"50":{"start":{"line":72,"column":16},"end":{"line":76,"column":18}},"51":{"start":{"line":77,"column":16},"end":{"line":77,"column":35}},"52":{"start":{"line":78,"column":16},"end":{"line":78,"column":59}},"53":{"start":{"line":81,"column":16},"end":{"line":81,"column":38}},"54":{"start":{"line":82,"column":16},"end":{"line":84,"column":36}},"55":{"start":{"line":87,"column":16},"end":{"line":87,"column":35}},"56":{"start":{"line":88,"column":16},"end":{"line":88,"column":51}},"57":{"start":{"line":89,"column":16},"end":{"line":89,"column":45}},"58":{"start":{"line":93,"column":16},"end":{"line":93,"column":39}},"59":{"start":{"line":100,"column":8},"end":{"line":100,"column":50}},"60":{"start":{"line":103,"column":6},"end":{"line":103,"column":24}},"61":{"start":{"line":108,"column":28},"end":{"line":136,"column":9}},"62":{"start":{"line":112,"column":8},"end":{"line":135,"column":37}},"63":{"start":{"line":113,"column":10},"end":{"line":134,"column":11}},"64":{"start":{"line":114,"column":12},"end":{"line":133,"column":13}},"65":{"start":{"line":116,"column":16},"end":{"line":116,"column":67}},"66":{"start":{"line":117,"column":16},"end":{"line":117,"column":35}},"67":{"start":{"line":118,"column":16},"end":{"line":118,"column":35}},"68":{"start":{"line":119,"column":16},"end":{"line":119,"column":66}},"69":{"start":{"line":122,"column":16},"end":{"line":122,"column":39}},"70":{"start":{"line":123,"column":16},"end":{"line":123,"column":60}},"71":{"start":{"line":126,"column":16},"end":{"line":126,"column":35}},"72":{"start":{"line":127,"column":16},"end":{"line":127,"column":53}},"73":{"start":{"line":128,"column":16},"end":{"line":128,"column":46}},"74":{"start":{"line":132,"column":16},"end":{"line":132,"column":40}},"75":{"start":{"line":139,"column":8},"end":{"line":139,"column":54}},"76":{"start":{"line":142,"column":6},"end":{"line":142,"column":28}},"77":{"start":{"line":147,"column":25},"end":{"line":175,"column":9}},"78":{"start":{"line":151,"column":8},"end":{"line":174,"column":37}},"79":{"start":{"line":152,"column":10},"end":{"line":173,"column":11}},"80":{"start":{"line":153,"column":12},"end":{"line":172,"column":13}},"81":{"start":{"line":155,"column":16},"end":{"line":155,"column":50}},"82":{"start":{"line":156,"column":16},"end":{"line":156,"column":69}},"83":{"start":{"line":157,"column":16},"end":{"line":157,"column":35}},"84":{"start":{"line":158,"column":16},"end":{"line":158,"column":35}},"85":{"start":{"line":159,"column":16},"end":{"line":159,"column":63}},"86":{"start":{"line":162,"column":16},"end":{"line":162,"column":66}},"87":{"start":{"line":165,"column":16},"end":{"line":165,"column":35}},"88":{"start":{"line":166,"column":16},"end":{"line":166,"column":53}},"89":{"start":{"line":167,"column":16},"end":{"line":167,"column":54}},"90":{"start":{"line":171,"column":16},"end":{"line":171,"column":40}},"91":{"start":{"line":178,"column":8},"end":{"line":178,"column":51}},"92":{"start":{"line":181,"column":6},"end":{"line":181,"column":25}},"93":{"start":{"line":184,"column":2},"end":{"line":184,"column":20}},"94":{"start":{"line":187,"column":15},"end":{"line":187,"column":25}},"95":{"start":{"line":188,"column":0},"end":{"line":188,"column":30}}},"fnMap":{"0":{"name":"ownKeys","decl":{"start":{"line":24,"column":9},"end":{"line":24,"column":16}},"loc":{"start":{"line":24,"column":41},"end":{"line":24,"column":312}},"line":24},"1":{"name":"(anonymous_1)","decl":{"start":{"line":24,"column":213},"end":{"line":24,"column":214}},"loc":{"start":{"line":24,"column":228},"end":{"line":24,"column":295}},"line":24},"2":{"name":"_objectSpread","decl":{"start":{"line":26,"column":9},"end":{"line":26,"column":22}},"loc":{"start":{"line":26,"column":31},"end":{"line":26,"column":535}},"line":26},"3":{"name":"(anonymous_3)","decl":{"start":{"line":26,"column":176},"end":{"line":26,"column":177}},"loc":{"start":{"line":26,"column":191},"end":{"line":26,"column":254}},"line":26},"4":{"name":"(anonymous_4)","decl":{"start":{"line":26,"column":412},"end":{"line":26,"column":413}},"loc":{"start":{"line":26,"column":427},"end":{"line":26,"column":512}},"line":26},"5":{"name":"(anonymous_5)","decl":{"start":{"line":30,"column":0},"end":{"line":30,"column":1}},"loc":{"start":{"line":30,"column":12},"end":{"line":185,"column":1}},"line":30},"6":{"name":"UsersUtils","decl":{"start":{"line":31,"column":11},"end":{"line":31,"column":21}},"loc":{"start":{"line":31,"column":24},"end":{"line":33,"column":3}},"line":31},"7":{"name":"(anonymous_7)","decl":{"start":{"line":37,"column":11},"end":{"line":37,"column":12}},"loc":{"start":{"line":37,"column":23},"end":{"line":104,"column":5}},"line":37},"8":{"name":"_callee","decl":{"start":{"line":40,"column":44},"end":{"line":40,"column":51}},"loc":{"start":{"line":40,"column":58},"end":{"line":97,"column":7}},"line":40},"9":{"name":"_callee$","decl":{"start":{"line":42,"column":53},"end":{"line":42,"column":61}},"loc":{"start":{"line":42,"column":72},"end":{"line":96,"column":9}},"line":42},"10":{"name":"createUser","decl":{"start":{"line":99,"column":15},"end":{"line":99,"column":25}},"loc":{"start":{"line":99,"column":30},"end":{"line":101,"column":7}},"line":99},"11":{"name":"(anonymous_11)","decl":{"start":{"line":107,"column":11},"end":{"line":107,"column":12}},"loc":{"start":{"line":107,"column":23},"end":{"line":143,"column":5}},"line":107},"12":{"name":"_callee2","decl":{"start":{"line":110,"column":44},"end":{"line":110,"column":52}},"loc":{"start":{"line":110,"column":60},"end":{"line":136,"column":7}},"line":110},"13":{"name":"_callee2$","decl":{"start":{"line":112,"column":53},"end":{"line":112,"column":62}},"loc":{"start":{"line":112,"column":74},"end":{"line":135,"column":9}},"line":112},"14":{"name":"getUserByEmail","decl":{"start":{"line":138,"column":15},"end":{"line":138,"column":29}},"loc":{"start":{"line":138,"column":35},"end":{"line":140,"column":7}},"line":138},"15":{"name":"(anonymous_15)","decl":{"start":{"line":146,"column":11},"end":{"line":146,"column":12}},"loc":{"start":{"line":146,"column":23},"end":{"line":182,"column":5}},"line":146},"16":{"name":"_callee3","decl":{"start":{"line":149,"column":44},"end":{"line":149,"column":52}},"loc":{"start":{"line":149,"column":63},"end":{"line":175,"column":7}},"line":149},"17":{"name":"_callee3$","decl":{"start":{"line":151,"column":53},"end":{"line":151,"column":62}},"loc":{"start":{"line":151,"column":74},"end":{"line":174,"column":9}},"line":151},"18":{"name":"getUserById","decl":{"start":{"line":177,"column":15},"end":{"line":177,"column":26}},"loc":{"start":{"line":177,"column":37},"end":{"line":179,"column":7}},"line":177}},"branchMap":{"0":{"loc":{"start":{"line":24,"column":75},"end":{"line":24,"column":173}},"type":"if","locations":[{"start":{"line":24,"column":75},"end":{"line":24,"column":173}},{"start":{"line":24,"column":75},"end":{"line":24,"column":173}}],"line":24},"1":{"loc":{"start":{"line":24,"column":174},"end":{"line":24,"column":297}},"type":"if","locations":[{"start":{"line":24,"column":174},"end":{"line":24,"column":297}},{"start":{"line":24,"column":174},"end":{"line":24,"column":297}}],"line":24},"2":{"loc":{"start":{"line":26,"column":91},"end":{"line":26,"column":131}},"type":"cond-expr","locations":[{"start":{"line":26,"column":114},"end":{"line":26,"column":126}},{"start":{"line":26,"column":129},"end":{"line":26,"column":131}}],"line":26},"3":{"loc":{"start":{"line":26,"column":133},"end":{"line":26,"column":516}},"type":"if","locations":[{"start":{"line":26,"column":133},"end":{"line":26,"column":516}},{"start":{"line":26,"column":133},"end":{"line":26,"column":516}}],"line":26},"4":{"loc":{"start":{"line":26,"column":264},"end":{"line":26,"column":516}},"type":"if","locations":[{"start":{"line":26,"column":264},"end":{"line":26,"column":516}},{"start":{"line":26,"column":264},"end":{"line":26,"column":516}}],"line":26},"5":{"loc":{"start":{"line":44,"column":12},"end":{"line":94,"column":13}},"type":"switch","locations":[{"start":{"line":45,"column":14},"end":{"line":49,"column":56}},{"start":{"line":51,"column":14},"end":{"line":59,"column":60}},{"start":{"line":61,"column":14},"end":{"line":68,"column":68}},{"start":{"line":70,"column":14},"end":{"line":78,"column":59}},{"start":{"line":80,"column":14},"end":{"line":84,"column":36}},{"start":{"line":86,"column":14},"end":{"line":89,"column":45}},{"start":{"line":91,"column":14},"end":{"line":91,"column":22}},{"start":{"line":92,"column":14},"end":{"line":93,"column":39}}],"line":44},"6":{"loc":{"start":{"line":54,"column":16},"end":{"line":57,"column":17}},"type":"if","locations":[{"start":{"line":54,"column":16},"end":{"line":57,"column":17}},{"start":{"line":54,"column":16},"end":{"line":57,"column":17}}],"line":54},"7":{"loc":{"start":{"line":114,"column":12},"end":{"line":133,"column":13}},"type":"switch","locations":[{"start":{"line":115,"column":14},"end":{"line":119,"column":66}},{"start":{"line":121,"column":14},"end":{"line":123,"column":60}},{"start":{"line":125,"column":14},"end":{"line":128,"column":46}},{"start":{"line":130,"column":14},"end":{"line":130,"column":22}},{"start":{"line":131,"column":14},"end":{"line":132,"column":40}}],"line":114},"8":{"loc":{"start":{"line":153,"column":12},"end":{"line":172,"column":13}},"type":"switch","locations":[{"start":{"line":154,"column":14},"end":{"line":159,"column":63}},{"start":{"line":161,"column":14},"end":{"line":162,"column":66}},{"start":{"line":164,"column":14},"end":{"line":167,"column":54}},{"start":{"line":169,"column":14},"end":{"line":169,"column":22}},{"start":{"line":170,"column":14},"end":{"line":171,"column":40}}],"line":153}},"s":{"0":1,"1":1,"2":1,"3":1,"4":1,"5":1,"6":1,"7":1,"8":1,"9":1,"10":90,"11":90,"12":90,"13":90,"14":90,"15":630,"16":90,"17":90,"18":90,"19":90,"20":90,"21":90,"22":630,"23":0,"24":0,"25":0,"26":0,"27":90,"28":1,"29":0,"30":1,"31":1,"32":91,"33":453,"34":543,"35":91,"36":91,"37":91,"38":91,"39":91,"40":90,"41":90,"42":1,"43":90,"44":90,"45":90,"46":90,"47":90,"48":90,"49":90,"50":90,"51":90,"52":90,"53":90,"54":90,"55":0,"56":0,"57":0,"58":91,"59":91,"60":1,"61":1,"62":94,"63":282,"64":282,"65":94,"66":94,"67":94,"68":94,"69":94,"70":94,"71":0,"72":0,"73":0,"74":94,"75":94,"76":1,"77":1,"78":2,"79":5,"80":5,"81":2,"82":1,"83":1,"84":1,"85":1,"86":1,"87":0,"88":0,"89":0,"90":2,"91":2,"92":1,"93":1,"94":1,"95":1},"f":{"0":90,"1":630,"2":90,"3":630,"4":0,"5":1,"6":0,"7":1,"8":91,"9":453,"10":91,"11":1,"12":94,"13":282,"14":94,"15":1,"16":2,"17":5,"18":2},"b":{"0":[90,0],"1":[90,0],"2":[90,0],"3":[90,0],"4":[0,0],"5":[91,91,90,90,90,0,0,91],"6":[90,1],"7":[94,94,0,0,94],"8":[2,1,0,0,2]},"_coverageSchema":"43e27e138ebf9cfc5966b082cf9a028302ed4184","hash":"2fd8ab9df13f06f6f7408600d251dc42be313417","contentHash":"da39849a14f2463b6351f07a777950d3e3f10cad8ceb5f67c782f19d4d802e40"},"C:\\Users\\CHANCERY AND SCRIBE\\Desktop\\WayFarer\\server\\utils\\common.js":{"path":"C:\\Users\\CHANCERY AND SCRIBE\\Desktop\\WayFarer\\server\\utils\\common.js","statementMap":{"0":{"start":{"line":3,"column":29},"end":{"line":3,"column":84}},"1":{"start":{"line":5,"column":0},"end":{"line":7,"column":3}},"2":{"start":{"line":8,"column":0},"end":{"line":8,"column":100}},"3":{"start":{"l
[...]
,"locations":[{"start":{"line":321,"column":16},"end":{"line":324,"column":17}},{"start":{"line":321,"column":16},"end":{"line":324,"column":17}}],"line":321}},"s":{"0":1,"1":1,"2":1,"3":1,"4":1,"5":1,"6":1,"7":1,"8":1,"9":1,"10":1,"11":1,"12":0,"13":1,"14":1,"15":3,"16":14,"17":20,"18":3,"19":3,"20":3,"21":3,"22":3,"23":3,"24":3,"25":0,"26":3,"27":3,"28":0,"29":0,"30":0,"31":3,"32":3,"33":3,"34":2,"35":2,"36":2,"37":2,"38":2,"39":1,"40":1,"41":1,"42":3,"43":3,"44":1,"45":1,"46":3,"47":10,"48":11,"49":3,"50":3,"51":3,"52":2,"53":2,"54":2,"55":1,"56":1,"57":1,"58":1,"59":1,"60":1,"61":1,"62":1,"63":1,"64":3,"65":3,"66":1,"67":1,"68":2,"69":6,"70":6,"71":2,"72":2,"73":2,"74":2,"75":2,"76":2,"77":2,"78":2,"79":2,"80":2,"81":2,"82":2,"83":2,"84":2,"85":0,"86":0,"87":0,"88":2,"89":2,"90":1,"91":1,"92":2,"93":6,"94":7,"95":2,"96":2,"97":2,"98":1,"99":1,"100":1,"101":1,"102":0,"103":1,"104":1,"105":1,"106":1,"107":2,"108":2,"109":1,"110":1,"111":2,"112":9,"113":15,"114":2,"115":2,"116":2,"117":0,"118":2,"119":2,"120":2,"121":2,"122":2,"123":2,"124":0,"125":2,"126":2,"127":2,"128":2,"129":0,"130":2,"131":2,"132":1,"133":1,"134":1,"135":1,"136":1,"137":1,"138":1,"139":1,"140":1,"141":1,"142":2,"143":2,"144":1,"145":1,"146":1,"147":1},"f":{"0":1,"1":0,"2":1,"3":3,"4":14,"5":3,"6":1,"7":3,"8":10,"9":3,"10":1,"11":2,"12":6,"13":2,"14":2,"15":1,"16":2,"17":6,"18":2,"19":1,"20":2,"21":9,"22":2},"b":{"0":[3,3,3,0,3,2,2,1,0,3],"1":[3,0],"2":[3,2,1,1,1,0,3],"3":[2,2,0,0,2],"4":[2,1,1,1,0,2],"5":[1,0],"6":[2,2,2,2,2,1,1,1,0,2],"7":[2,0],"8":[2,0],"9":[2,0]},"_coverageSchema":"43e27e138ebf9cfc5966b082cf9a028302ed4184","hash":"94642ed62ec83d5512aa0b3f5b948dc0a284e675","contentHash":"c3c1a3511ee663553a075f5157208353ec0ab8bb858e326a7b09ce767d66413e"},"C:\\Users\\CHANCERY AND SCRIBE\\Desktop\\WayFarer\\server\\utils\\bookings.utils.js":{"path":"C:\\Users\\CHANCERY AND SCRIBE\\Desktop\\WayFarer\\server\\utils\\bookings.utils.js","statementMap":{"0":{"start":{"line":3,"column":29},"end":{"line":3,"column":84}},"1":{"start":{"line":5,"column":0},"end":{"line":7,"column":3}},"2":{"start":{"line":8,"column":0},"end":{"line":8,"column":28}},"3":{"start":{"line":10,"column":16},"end":{"line":10,"column":81}},"4":{"start":{"line":12,"column":22},"end":{"line":12,"column":93}},"5":{"start":{"line":14,"column":19},"end":{"line":14,"column":80}},"6":{"start":{"line":16,"column":25},"end":{"line":16,"column":99}},"7":{"start":{"line":18,"column":23},"end":{"line":18,"column":95}},"8":{"start":{"line":20,"column":20},"end":{"line":20,"column":89}},"9":{"start":{"line":22,"column":13},"end":{"line":22,"column":55}},"10":{"start":{"line":24,"column":13},"end":{"line":24,"column":61}},"11":{"start":{"line":26,"column":11},"end":{"line":26,"column":57}},"12":{"start":{"line":28,"column":14},"end":{"line":28,"column":33}},"13":{"start":{"line":32,"column":0},"end":{"line":299,"column":3}},"14":{"start":{"line":34,"column":4},"end":{"line":34,"column":53}},"15":{"start":{"line":37,"column":2},"end":{"line":297,"column":6}},"16":{"start":{"line":40,"column":27},"end":{"line":79,"column":9}},"17":{"start":{"line":44,"column":8},"end":{"line":78,"column":37}},"18":{"start":{"line":45,"column":10},"end":{"line":77,"column":11}},"19":{"start":{"line":46,"column":12},"end":{"line":76,"column":13}},"20":{"start":{"line":48,"column":16},"end":{"line":48,"column":71}},"21":{"start":{"line":49,"column":16},"end":{"line":49,"column":34}},"22":{"start":{"line":50,"column":16},"end":{"line":50,"column":34}},"23":{"start":{"line":51,"column":16},"end":{"line":51,"column":59}},"24":{"start":{"line":54,"column":16},"end":{"line":54,"column":43}},"25":{"start":{"line":55,"column":16},"end":{"line":55,"column":34}},"26":{"start":{"line":56,"column":16},"end":{"line":56,"column":80}},"27":{"start":{"line":59,"column":16},"end":{"line":59,"column":43}},"28":{"start":{"line":60,"column":16},"end":{"line":60,"column":122}},"29":{"start":{"line":61,"column":16},"end":{"line":61,"column":35}},"30":{"start":{"line":62,"column":16},"end":{"line":62,"column":97}},"31":{"start":{"line":65,"column":16},"end":{"line":65,"column":43}},"32":{"start":{"line":66,"column":16},"end":{"line":66,"column":64}},"33":{"start":{"line":69,"column":16},"end":{"line":69,"column":35}},"34":{"start":{"line":70,"column":16},"end":{"line":70,"column":51}},"35":{"start":{"line":71,"column":16},"end":{"line":71,"column":53}},"36":{"start":{"line":75,"column":16},"end":{"line":75,"column":39}},"37":{"start":{"line":82,"column":8},"end":{"line":82,"column":53}},"38":{"start":{"line":85,"column":6},"end":{"line":85,"column":27}},"39":{"start":{"line":90,"column":26},"end":{"line":143,"column":9}},"40":{"start":{"line":95,"column":8},"end":{"line":142,"column":38}},"41":{"start":{"line":96,"column":10},"end":{"line":141,"column":11}},"42":{"start":{"line":97,"column":12},"end":{"line":140,"column":13}},"43":{"start":{"line":99,"column":16},"end":{"line":99,"column":223}},"44":{"start":{"line":100,"column":16},"end":{"line":100,"column":35}},"45":{"start":{"line":101,"column":16},"end":{"line":101,"column":35}},"46":{"start":{"line":102,"column":16},"end":{"line":102,"column":70}},"47":{"start":{"line":105,"column":16},"end":{"line":105,"column":38}},"48":{"start":{"line":106,"column":16},"end":{"line":106,"column":65}},"49":{"start":{"line":107,"column":16},"end":{"line":107,"column":71}},"50":{"start":{"line":109,"column":16},"end":{"line":112,"column":17}},"51":{"start":{"line":110,"column":18},"end":{"line":110,"column":38}},"52":{"start":{"line":111,"column":18},"end":{"line":111,"column":24}},"53":{"start":{"line":114,"column":16},"end":{"line":114,"column":313}},"54":{"start":{"line":115,"column":16},"end":{"line":126,"column":18}},"55":{"start":{"line":127,"column":16},"end":{"line":127,"column":59}},"56":{"start":{"line":130,"column":16},"end":{"line":130,"column":53}},"57":{"start":{"line":133,"column":16},"end":{"line":133,"column":36}},"58":{"start":{"line":134,"column":16},"end":{"line":134,"column":53}},"59":{"start":{"line":135,"column":16},"end":{"line":135,"column":54}},"60":{"start":{"line":139,"column":16},"end":{"line":139,"column":40}},"61":{"start":{"line":146,"column":8},"end":{"line":146,"column":52}},"62":{"start":{"line":149,"column":6},"end":{"line":149,"column":26}},"63":{"start":{"line":154,"column":29},"end":{"line":193,"column":9}},"64":{"start":{"line":158,"column":8},"end":{"line":192,"column":38}},"65":{"start":{"line":159,"column":10},"end":{"line":191,"column":11}},"66":{"start":{"line":160,"column":12},"end":{"line":190,"column":13}},"67":{"start":{"line":162,"column":16},"end":{"line":162,"column":187}},"68":{"start":{"line":163,"column":16},"end":{"line":163,"column":35}},"69":{"start":{"line":164,"column":16},"end":{"line":164,"column":35}},"70":{"start":{"line":165,"column":16},"end":{"line":165,"column":68}},"71":{"start":{"line":168,"column":16},"end":{"line":168,"column":45}},"72":{"start":{"line":170,"column":16},"end":{"line":173,"column":17}},"73":{"start":{"line":171,"column":18},"end":{"line":171,"column":37}},"74":{"start":{"line":172,"column":18},"end":{"line":172,"column":24}},"75":{"start":{"line":175,"column":16},"end":{"line":177,"column":20}},"76":{"start":{"line":176,"column":18},"end":{"line":176,"column":57}},"77":{"start":{"line":180,"column":16},"end":{"line":180,"column":63}},"78":{"start":{"line":183,"column":16},"end":{"line":183,"column":36}},"79":{"start":{"line":184,"column":16},"end":{"line":184,"column":53}},"80":{"start":{"line":185,"column":16},"end":{"line":185,"column":57}},"81":{"start":{"line":189,"column":16},"end":{"line":189,"column":40}},"82":{"start":{"line":196,"column":8},"end":{"line":196,"column":55}},"83":{"start":{"line":199,"column":6},"end":{"line":199,"column":29}},"84":{"start":{"line":204,"column":27},"end":{"line":246,"column":9}},"85":{"start":{"line":208,"column":8},"end":{"line":245,"column":38}},"86":{"start":{"line":209,"column":10},"end":{"line":244,"column":11}},"87":{"start":{"line":210,"column":12},"end":{"line":243,"column":13}},"88":{"start":{"line":212,"column":16},"end":{"line":212,"column":35}},"89":{"start":{"line":213,"column":16},"end":{"line":213,"column":35}},"90":{"start":{"line":214,"column":16},"end":{"line":214,"column":49}},"91":{"start":{"line":217,"column":16},"end":{"line":217,"column":49}},"92":{"start":{"line":219,"column":16},"end":{"line":222,"column":17}},"93":{"start":{"line":220,"column":18},"end":{"line":220,"column":37}},"94":{"start":{"line":221,"column":18},"end":{"line":221,"column":24}},"95":{"start":{"line":224,"column":16},"end":{"line":224,"column":57}},"96":{"start":{"line":227,"column":16},"end":{"line":227,"column":71}},"97":{"start":{"line":228,"column":16},"end":{"line":228,"column":80}},"98":{"start":{"line":229,"column":16},"end":{"line":229,"column":36}},"99":{"start":{"line":230,"column":16},"end":{"line":230,"column":72}},"100":{"start":{"line":233,"column":16},"end":{"line":233,"column":56}},"101":{"start":{"line":236,"column":16},"end":{"line":236,"column":36}},"102":{"start":{"line":237,"column":16},"end":{"line":237,"column":53}},"103":{"start":{"line":238,"column":16},"end":{"line":238,"column":54}},"104":{"start":{"line":242,"column":16},"end":{"line":242,"column":40}},"105":{"start":{"line":249,"column":8},"end":{"line":249,"column":53}},"106":{"start":{"line":252,"column":6},"end":{"line":252,"column":27}},"107":{"start":{"line":257,"column":24},"end":{"line":289,"column":9}},"108":{"start":{"line":261,"column":8},"end":{"line":288,"column":38}},"109":{"start":{"line":262,"column":10},"end":{"line":287,"column":11}},"110":{"start":{"line":263,"column":12},"end":{"line":286,"column":13}},"111":{"start":{"line":265,"column":16},"end":{"line":265,"column":35}},"112":{"start":{"line":266,"column":16},"end":{"line":266,"column":35}},"113":{"start":{"line":267,"column":16},"end":{"line":267,"column":78}},"114":{"start":{"line":270,"column":16},"end":{"line":270,"column":52}},"115":{"start":{"line":271,"column":16},"end":{"line":271,"column":103}},"116":{"start":{"line":272,"column":16},"end":{"line":272,"column":35}},"117":{"start":{"line":273,"column":16},"end":{"line":273,"column":96}},"118":{"start":{"line":276,"column":16},"end":{"line":276,"column":66}},"119":{"start":{"line":279,"column":16},"end":{"line":279,"column":36}},"120":{"start":{"line":280,"column":16},"end":{"line":280,"column":53}},"121":{"start":{"line":281,"column":16},"end":{"line":281,"column":35}},"122":{"start":{"line":285,"column":16},"end":{"line":285,"column":40}},"123":{"start":{"line":292,"column":8},"end":{"line":292,"column":50}},"124":{"start":{"line":295,"column":6},"end":{"line":295,"column":24}},"125":{"start":{"line":298,"column":2},"end":{"line":298,"column":18}},"126":{"start":{"line":301,"column":15},"end":{"line":301,"column":23}},"127":{"start":{"line":302,"column":0},"end":{"line":302,"column":30}}},"fnMap":{"0":{"name":"(anonymous_0)","decl":{"start":{"line":32,"column":0},"end":{"line":32,"column":1}},"loc":{"start":{"line":32,"column":12},"end":{"line":299,"column":1}},"line":32},"1":{"name":"Bookings","decl":{"start":{"line":33,"column":11},"end":{"line":33,"column":19}},"loc":{"start":{"line":33,"column":22},"end":{"line":35,"column":3}},"line":33},"2":{"name":"(anonymous_2)","decl":{"start":{"line":39,"column":11},"end":{"line":39,"column":12}},"loc":{"start":{"line":39,"column":23},"end":{"line":86,"column":5}},"line":39},"3":{"name":"_callee","decl":{"start":{"line":42,"column":44},"end":{"line":42,"column":51}},"loc":{"start":{"line":42,"column":66},"end":{"line":79,"column":7}},"line":42},"4":{"name":"_callee$","decl":{"start":{"line":44,"column":53},"end":{"line":44,"column":61}},"loc":{"start":{"line":44,"column":72},"end":{"line":78,"column":9}},"line":44},"5":{"name":"createBooking","decl":{"start":{"line":81,"column":15},"end":{"line":81,"column":28}},"loc":{"start":{"line":81,"column":38},"end":{"line":83,"column":7}},"line":81},"6":{"name":"(anonymous_6)","decl":{"start":{"line":89,"column":11},"end":{"line":89,"column":12}},"loc":{"start":{"line":89,"column":23},"end":{"line":150,"column":5}},"line":89},"7":{"name":"_callee2","decl":{"start":{"line":92,"column":44},"end":{"line":92,"column":52}},"loc":{"start":{"line":92,"column":57},"end":{"line":143,"column":7}},"line":92},"8":{"name":"_callee2$","decl":{"start":{"line":95,"column":53},"end":{"line":95,"column":62}},"loc":{"start":{"line":95,"column":74},"end":{"line":142,"column":9}},"line":95},"9":{"name":"findABooking","decl":{"start":{"line":145,"column":15},"end":{"line":145,"column":27}},"loc":{"start":{"line":145,"column":33},"end":{"line":147,"column":7}},"line":145},"10":{"name":"(anonymous_10)","decl":{"start":{"line":153,"column":11},"end":{"line":153,"column":12}},"loc":{"start":{"line":153,"column":23},"end":{"line":200,"column":5}},"line":153},"11":{"name":"_callee3","decl":{"start":{"line":156,"column":44},"end":{"line":156,"column":52}},"loc":{"start":{"line":156,"column":59},"end":{"line":193,"column":7}},"line":156},"12":{"name":"_callee3$","decl":{"start":{"line":158,"column":53},"end":{"line":158,"column":62}},"loc":{"start":{"line":158,"column":74},"end":{"line":192,"column":9}},"line":158},"13":{"name":"(anonymous_13)","decl":{"start":{"line":175,"column":69},"end":{"line":175,"column":70}},"loc":{"start":{"line":175,"column":88},"end":{"line":177,"column":17}},"line":175},"14":{"name":"findAllBookings","decl":{"start":{"line":195,"column":15},"end":{"line":195,"column":30}},"loc":{"start":{"line":195,"column":36},"end":{"line":197,"column":7}},"line":195},"15":{"name":"(anonymous_15)","decl":{"start":{"line":203,"column":11},"end":{"line":203,"column":12}},"loc":{"start":{"line":203,"column":23},"end":{"line":253,"column":5}},"line":203},"16":{"name":"_callee4","decl":{"start":{"line":206,"column":44},"end":{"line":206,"column":52}},"loc":{"start":{"line":206,"column":63},"end":{"line":246,"column":7}},"line":206},"17":{"name":"_callee4$","decl":{"start":{"line":208,"column":53},"end":{"line":208,"column":62}},"loc":{"start":{"line":208,"column":74},"end":{"line":245,"column":9}},"line":208},"18":{"name":"deleteBooking","decl":{"start":{"line":248,"column":15},"end":{"line":248,"column":28}},"loc":{"start":{"line":248,"column":39},"end":{"line":250,"column":7}},"line":248},"19":{"name":"(anonymous_19)","decl":{"start":{"line":256,"column":11},"end":{"line":256,"column":12}},"loc":{"start":{"line":256,"column":23},"end":{"line":296,"column":5}},"line":256},"20":{"name":"_callee5","decl":{"start":{"line":259,"column":44},"end":{"line":259,"column":52}},"loc":{"start":{"line":259,"column":89},"end":{"line":289,"column":7}},"line":259},"21":{"name":"_callee5$","decl":{"start":{"line":261,"column":53},"end":{"line":261,"column":62}},"loc":{"start":{"line":261,"column":74},"end":{"line":288,"column":9}},"line":261},"22":{"name":"changeSeat","decl":{"start":{"line":291,"column":15},"end":{"line":291,"column":25}},"loc":{"start":{"line":291,"column":47},"end":{"line":293,"column":7}},"line":291}},"branchMap":{"0":{"loc":{"start":{"line":46,"column":12},"end":{"line":76,"column":13}},"type":"switch","locations":[{"start":{"line":47,"column":14},"end":{"line":51,"column":59}},{"start":{"line":53,"column":14},"end":{"line":56,"column":80}},{"start":{"line":58,"column":14},"end":{"line":62,"column":97}},{"start":{"line":64,"column":14},"end":{"line":66,"column":64}},{"start":{"line":68,"column":14},"end":{"line":71,"column":53}},{"start":{"line":73,"column":14},"end":{"line":73,"column":22}},{"start":{"line":74,"column":14},"end":{"line":75,"column":39}}],"line":46},"1":{"loc":{"start":{"line":97,"column":12},"end":{"line":140,"column":13}},"type":"switch","locations":[{"start":{"line":98,"column":14},"end":{"line":102,"column":70}},{"start":{"line":104,"column":14},"end":{"line":127,"column":59}},{"start":{"line":129,"column":14},"end":{"line":130,"column":53}},{"start":{"line":132,"column":14},"end":{"line":135,"column":54}},{"start":{"line":137,"column":14},"end":{"line":137,"column":22}},{"start":{"line":138,"column":14},"end":{"line":139,"column":40}}],"line":97},"2":{"loc":{"start":{"line":109,"column":16},"end":{"line":112,"column":17}},"type":"if","locations":[{"start":{"line":109,"column":16},"end":{"line":112,"column":17}},{"start":{"line":109,"column":16},"end":{"line":112,"column":17}}],"line":109},"3":{"loc":{"start":{"line":160,"column":12},"end":{"line":190,"column":13}},"type":"switch","locations":[{"start":{"line":161,"column":14},"end":{"line":165,"column":68}},{"start":{"line":167,"column":14},"end":{"line":177,"column":20}},{"start":{"line":179,"column":14},"end":{"line":180,"column":63}},{"start":{"line":182,"column":14},"end":{"line":185,"column":57}},{"start":{"line":187,"column":14},"end":{"line":187,"column":22}},{"start":{"line":188,"column":14},"end":{"line":189,"column":40}}],"line":160},"4":{"loc":{"start":{"line":170,"column":16},"end":{"line":173,"column":17}},"type":"if","locations":[{"start":{"line":170,"column":16},"end":{"line":173,"column":17}},{"start":{"line":170,"column":16},"end":{"line":173,"column":17}}],"line":170},"5":{"loc":{"start":{"line":210,"column":12},"end":{"line":243,"column":13}},"type":"switch","locations":[{"start":{"line":211,"column":14},"end":{"line":214,"column":49}},{"start":{"line":216,"column":14},"end":{"line":224,"column":57}},{"start":{"line":226,"column":14},"end":{"line":230,"column":72}},{"start":{"line":232,"column":14},"end":{"line":233,"column":56}},{"start":{"line":235,"column":14},"end":{"line":238,"column":54}},{"start":{"line":240,"column":14},"end":{"line":240,"column":22}},{"start":{"line":241,"column":14},"end":{"line":242,"column":40}}],"line":210},"6":{"loc":{"start":{"line":219,"column":16},"end":{"line":222,"column":17}},"type":"if","locations":[{"start":{"line":219,"column":16},"end":{"line":222,"column":17}},{"start":{"line":219,"column":16},"end":{"line":222,"column":17}}],"line":219},"7":{"loc":{"start":{"line":263,"column":12},"end":{"line":286,"column":13}},"type":"switch","locations":[{"start":{"line":264,"column":14},"end":{"line":267,"column":78}},{"start":{"line":269,"column":14},"end":{"line":273,"column":96}},{"start":{"line":275,"column":14},"end":{"line":276,"column":66}},{"start":{"line":278,"column":14},"end":{"line":281,"column":35}},{"start":{"line":283,"column":14},"end":{"line":283,"column":22}},{"start":{"line":284,"column":14},"end":{"line":285,"column":40}}],"line":263}},"s":{"0":1,"1":1,"2":1,"3":1,"4":1,"5":1,"6":1,"7":1,"8":1,"9":1,"10":1,"11":1,"12":1,"13":1,"14":0,"15":1,"16":1,"17":19,"18":94,"19":94,"20":19,"21":19,"22":19,"23":19,"24":19,"25":19,"26":19,"27":18,"28":18,"29":18,"30":18,"31":18,"32":18,"33":1,"34":1,"35":1,"36":19,"37":19,"38":1,"39":1,"40":10,"41":31,"42":32,"43":10,"44":10,"45":10,"46":10,"47":10,"48":10,"49":10,"50":10,"51":1,"52":1,"53":9,"54":9,"55":9,"56":1,"57":1,"58":1,"59":1,"60":10,"61":10,"62":1,"63":1,"64":2,"65":6,"66":6,"67":2,"68":2,"69":2,"70":2,"71":2,"72":2,"73":0,"74":0,"75":2,"76":3,"77":0,"78":0,"79":0,"80":0,"81":2,"82":2,"83":1,"84":1,"85":2,"86":8,"87":10,"88":2,"89":2,"90":2,"91":2,"92":2,"93":2,"94":2,"95":0,"96":2,"97":1,"98":1,"99":1,"100":1,"101":1,"102":1,"103":1,"104":2,"105":2,"106":1,"107":1,"108":1,"109":4,"110":4,"111":1,"112":1,"113":1,"114":1,"115":1,"116":1,"117":1,"118":1,"119":0,"120":0,"121":0,"122":1,"123":1,"124":1,"125":1,"126":1,"127":1},"f":{"0":1,"1":0,"2":1,"3":19,"4":94,"5":19,"6":1,"7":10,"8":31,"9":10,"10":1,"11":2,"12":6,"13":3,"14":2,"15":1,"16":2,"17":8,"18":2,"19":1,"20":1,"21":4,"22":1},"b":{"0":[19,19,18,18,1,0,19],"1":[10,10,1,1,0,10],"2":[1,9],"3":[2,2,0,0,0,2],"4":[0,2],"5":[2,2,2,1,1,0,2],"6":[2,0],"7":[1,1,1,0,0,1]},"_coverageSchema":"43e27e138ebf9cfc5966b082cf9a028302ed4184","hash":"56c5902f473e0b98af38d588d8517780e82296d4","contentHash":"c13c00824131ad8e974ff1df0c1569e8a8474128740232118bbc8dc4cd9d6696"}}